#
# There is insufficient memory for the Java Runtime Environment to continue.
# Native memory allocation (malloc) failed to allocate 838576 bytes for Chunk::new
# Possible reasons:
#   The system is out of physical RAM or swap space
#   The process is running with CompressedOops enabled, and the Java Heap may be blocking the growth of the native heap
# Possible solutions:
#   Reduce memory load on the system
#   Increase physical memory or swap space
#   Check if swap backing store is full
#   Decrease Java heap size (-Xmx/-Xms)
#   Decrease number of Java threads
#   Decrease Java thread stack sizes (-Xss)
#   Set larger code cache with -XX:ReservedCodeCacheSize=
#   JVM is running with Unscaled Compressed Oops mode in which the Java heap is
#     placed in the first 4GB address space. The Java Heap base address is the
#     maximum limit for the native heap growth. Please use -XX:HeapBaseMinAddress
#     to set the Java Heap base and to place the Java Heap above 4GB virtual address.
# This output file may be truncated or incomplete.
#
#  Out of Memory Error (arena.cpp:191), pid=5308, tid=21552
#
# JRE version: OpenJDK Runtime Environment Microsoft-8902769 (17.0.10+7) (build 17.0.10+7-LTS)
# Java VM: OpenJDK 64-Bit Server VM Microsoft-8902769 (17.0.10+7-LTS, mixed mode, sharing, tiered, compressed oops, compressed class ptrs, g1 gc, windows-amd64)
# No core dump will be written. Minidumps are not enabled by default on client versions of Windows
#

---------------  S U M M A R Y ------------

Command Line: -XX:MaxMetaspaceSize=512m --add-opens=java.base/java.util=ALL-UNNAMED --add-opens=java.base/java.lang=ALL-UNNAMED --add-opens=java.base/java.lang.invoke=ALL-UNNAMED --add-opens=java.prefs/java.util.prefs=ALL-UNNAMED --add-opens=java.base/java.nio.charset=ALL-UNNAMED --add-opens=java.base/java.net=ALL-UNNAMED --add-opens=java.base/java.util.concurrent.atomic=ALL-UNNAMED -Xmx2048m -Dfile.encoding=windows-1252 -Duser.country=BR -Duser.language=pt -Duser.variant -javaagent:C:\Users\joaoo\.gradle\wrapper\dists\gradle-8.3-all\6en3ugtfdg5xnpx44z4qbwgas\gradle-8.3\lib\agents\gradle-instrumentation-agent-8.3.jar org.gradle.launcher.daemon.bootstrap.GradleDaemon 8.3

Host: 11th Gen Intel(R) Core(TM) i5-1135G7 @ 2.40GHz, 8 cores, 7G,  Windows 11 , 64 bit Build 22621 (10.0.22621.3374)
Time: Sun Apr 28 12:29:30 2024 Hora oficial do Brasil elapsed time: 9.341198 seconds (0d 0h 0m 9s)

---------------  T H R E A D  ---------------

Current thread (0x000001ca39225240):  JavaThread "C2 CompilerThread0" daemon [_thread_in_native, id=21552, stack(0x000000075d800000,0x000000075d900000)]


Current CompileTask:
C2:   9341 2109       4       jdk.internal.org.objectweb.asm.Frame::execute (2305 bytes)

Stack: [0x000000075d800000,0x000000075d900000]
Native frames: (J=compiled Java code, j=interpreted, Vv=VM code, C=native code)
V  [jvm.dll+0x67f829]
V  [jvm.dll+0x83750a]
V  [jvm.dll+0x838fce]
V  [jvm.dll+0x839633]
V  [jvm.dll+0x247cbf]
V  [jvm.dll+0xac524]
V  [jvm.dll+0xacb6c]
V  [jvm.dll+0x2af70f]
V  [jvm.dll+0x587077]
V  [jvm.dll+0x222d32]
V  [jvm.dll+0x21bf1c]
V  [jvm.dll+0x219711]
V  [jvm.dll+0x1a5176]
V  [jvm.dll+0x22957e]
V  [jvm.dll+0x22774c]
V  [jvm.dll+0x7ec5d7]
V  [jvm.dll+0x7e69da]
V  [jvm.dll+0x67e715]
C  [ucrtbase.dll+0x29333]
C  [KERNEL32.DLL+0x1257d]
C  [ntdll.dll+0x5aa48]


---------------  P R O C E S S  ---------------

Threads class SMR info:
_java_thread_list=0x000001ca39433d90, length=22, elements={
0x000001ca1adb05f0, 0x000001ca39204120, 0x000001ca39204ce0, 0x000001ca3921e530,
0x000001ca3921f000, 0x000001ca39223ae0, 0x000001ca392244a0, 0x000001ca39225240,
0x000001ca392484a0, 0x000001ca39400020, 0x000001ca3944d790, 0x000001ca395689a0,
0x000001ca59a6e030, 0x000001ca592f5d00, 0x000001ca59090c30, 0x000001ca594eda10,
0x000001ca594edef0, 0x000001ca3959bc20, 0x000001ca3959d060, 0x000001ca3959b710,
0x000001ca3959c130, 0x000001ca3959acf0
}

Java Threads: ( => current thread )
  0x000001ca1adb05f0 JavaThread "main" [_thread_blocked, id=17836, stack(0x000000075cb00000,0x000000075cc00000)]
  0x000001ca39204120 JavaThread "Reference Handler" daemon [_thread_blocked, id=30412, stack(0x000000075d200000,0x000000075d300000)]
  0x000001ca39204ce0 JavaThread "Finalizer" daemon [_thread_blocked, id=21928, stack(0x000000075d300000,0x000000075d400000)]
  0x000001ca3921e530 JavaThread "Signal Dispatcher" daemon [_thread_blocked, id=35532, stack(0x000000075d400000,0x000000075d500000)]
  0x000001ca3921f000 JavaThread "Attach Listener" daemon [_thread_blocked, id=33420, stack(0x000000075d500000,0x000000075d600000)]
  0x000001ca39223ae0 JavaThread "Service Thread" daemon [_thread_blocked, id=8740, stack(0x000000075d600000,0x000000075d700000)]
  0x000001ca392244a0 JavaThread "Monitor Deflation Thread" daemon [_thread_blocked, id=20724, stack(0x000000075d700000,0x000000075d800000)]
=>0x000001ca39225240 JavaThread "C2 CompilerThread0" daemon [_thread_in_native, id=21552, stack(0x000000075d800000,0x000000075d900000)]
  0x000001ca392484a0 JavaThread "C1 CompilerThread0" daemon [_thread_blocked, id=14736, stack(0x000000075d900000,0x000000075da00000)]
  0x000001ca39400020 JavaThread "Sweeper thread" daemon [_thread_blocked, id=18756, stack(0x000000075da00000,0x000000075db00000)]
  0x000001ca3944d790 JavaThread "Common-Cleaner" daemon [_thread_blocked, id=24784, stack(0x000000075db00000,0x000000075dc00000)]
  0x000001ca395689a0 JavaThread "Notification Thread" daemon [_thread_blocked, id=6404, stack(0x000000075dc00000,0x000000075dd00000)]
  0x000001ca59a6e030 JavaThread "Daemon health stats" [_thread_blocked, id=14096, stack(0x000000075e300000,0x000000075e400000)]
  0x000001ca592f5d00 JavaThread "Incoming local TCP Connector on port 52585" [_thread_in_native, id=37376, stack(0x000000075de00000,0x000000075df00000)]
  0x000001ca59090c30 JavaThread "Daemon periodic checks" [_thread_blocked, id=11240, stack(0x000000075e400000,0x000000075e500000)]
  0x000001ca594eda10 JavaThread "Daemon" [_thread_blocked, id=37100, stack(0x000000075e500000,0x000000075e600000)]
  0x000001ca594edef0 JavaThread "Handler for socket connection from /127.0.0.1:52585 to /127.0.0.1:52587" [_thread_in_native, id=15912, stack(0x000000075e600000,0x000000075e700000)]
  0x000001ca3959bc20 JavaThread "Cancel handler" [_thread_blocked, id=9940, stack(0x000000075e700000,0x000000075e800000)]
  0x000001ca3959d060 JavaThread "Daemon worker" [_thread_in_native, id=23472, stack(0x000000075e800000,0x000000075e900000)]
  0x000001ca3959b710 JavaThread "Asynchronous log dispatcher for DefaultDaemonConnection: socket connection from /127.0.0.1:52585 to /127.0.0.1:52587" [_thread_blocked, id=25200, stack(0x000000075e900000,0x000000075ea00000)]
  0x000001ca3959c130 JavaThread "Stdin handler" [_thread_blocked, id=31500, stack(0x000000075ea00000,0x000000075eb00000)]
  0x000001ca3959acf0 JavaThread "Daemon client event forwarder" [_thread_blocked, id=26292, stack(0x000000075eb00000,0x000000075ec00000)]

Other Threads:
  0x000001ca39200ac0 VMThread "VM Thread" [stack: 0x000000075d100000,0x000000075d200000] [id=1504]
  0x000001ca39583bc0 WatcherThread [stack: 0x000000075dd00000,0x000000075de00000] [id=1648]
  0x000001ca1ae0a6a0 GCTaskThread "GC Thread#0" [stack: 0x000000075cc00000,0x000000075cd00000] [id=22116]
  0x000001ca39ec57e0 GCTaskThread "GC Thread#1" [stack: 0x000000075df00000,0x000000075e000000] [id=26760]
  0x000001ca591528a0 GCTaskThread "GC Thread#2" [stack: 0x000000075e000000,0x000000075e100000] [id=27664]
  0x000001ca39ec6410 GCTaskThread "GC Thread#3" [stack: 0x000000075e100000,0x000000075e200000] [id=21172]
  0x000001ca59009550 GCTaskThread "GC Thread#4" [stack: 0x000000075e200000,0x000000075e300000] [id=26956]
  0x000001ca1ae1b5f0 ConcurrentGCThread "G1 Main Marker" [stack: 0x000000075cd00000,0x000000075ce00000] [id=30348]
  0x000001ca1ae1c010 ConcurrentGCThread "G1 Conc#0" [stack: 0x000000075ce00000,0x000000075cf00000] [id=25424]
  0x000001ca1ae5e4f0 ConcurrentGCThread "G1 Refine#0" [stack: 0x000000075cf00000,0x000000075d000000] [id=14268]
  0x000001ca390b64f0 ConcurrentGCThread "G1 Service" [stack: 0x000000075d000000,0x000000075d100000] [id=27864]

Threads with active compile tasks:
C2 CompilerThread0     9378 2109       4       jdk.internal.org.objectweb.asm.Frame::execute (2305 bytes)

VM state: not at safepoint (normal execution)

VM Mutex/Monitor currently owned by a thread: None

Heap address: 0x0000000080000000, size: 2048 MB, Compressed Oops mode: 32-bit

CDS archive(s) mapped at: [0x000001ca3a000000-0x000001ca3abb0000-0x000001ca3abb0000), size 12255232, SharedBaseAddress: 0x000001ca3a000000, ArchiveRelocationMode: 1.
Compressed class space mapped at: 0x000001ca3b000000-0x000001ca55000000, reserved size: 436207616
Narrow klass base: 0x000001ca3a000000, Narrow klass shift: 0, Narrow klass range: 0x100000000

GC Precious Log:
 CPUs: 8 total, 8 available
 Memory: 7915M
 Large Page Support: Disabled
 NUMA Support: Disabled
 Compressed Oops: Enabled (32-bit)
 Heap Region Size: 1M
 Heap Min Capacity: 8M
 Heap Initial Capacity: 124M
 Heap Max Capacity: 2G
 Pre-touch: Disabled
 Parallel Workers: 8
 Concurrent Workers: 2
 Concurrent Refinement Workers: 8
 Periodic GC: Disabled

Heap:
 garbage-first heap   total 126976K, used 63333K [0x0000000080000000, 0x0000000100000000)
  region size 1024K, 52 young (53248K), 2 survivors (2048K)
 Metaspace       used 12463K, committed 12736K, reserved 491520K
  class space    used 1733K, committed 1856K, reserved 425984K

Heap Regions: E=young(eden), S=young(survivor), O=old, HS=humongous(starts), HC=humongous(continues), CS=collection set, F=free, OA=open archive, CA=closed archive, TAMS=top-at-mark-start (previous, next)
|   0|0x0000000080000000, 0x0000000080100000, 0x0000000080100000|100%|HS|  |TAMS 0x0000000080000000, 0x0000000080000000| Complete 
|   1|0x0000000080100000, 0x0000000080200000, 0x0000000080200000|100%|HC|  |TAMS 0x0000000080100000, 0x0000000080100000| Complete 
|   2|0x0000000080200000, 0x0000000080300000, 0x0000000080300000|100%|HC|  |TAMS 0x0000000080200000, 0x0000000080200000| Complete 
|   3|0x0000000080300000, 0x0000000080400000, 0x0000000080400000|100%|HC|  |TAMS 0x0000000080300000, 0x0000000080300000| Complete 
|   4|0x0000000080400000, 0x0000000080500000, 0x0000000080500000|100%| O|  |TAMS 0x0000000080400000, 0x0000000080400000| Untracked 
|   5|0x0000000080500000, 0x0000000080600000, 0x0000000080600000|100%| O|  |TAMS 0x0000000080500000, 0x0000000080500000| Untracked 
|   6|0x0000000080600000, 0x0000000080700000, 0x0000000080700000|100%| O|  |TAMS 0x0000000080600000, 0x0000000080600000| Untracked 
|   7|0x0000000080700000, 0x0000000080800000, 0x0000000080800000|100%| O|  |TAMS 0x0000000080700000, 0x0000000080700000| Untracked 
|   8|0x0000000080800000, 0x0000000080900000, 0x0000000080900000|100%| O|  |TAMS 0x0000000080800000, 0x0000000080800000| Untracked 
|   9|0x0000000080900000, 0x0000000080a00000, 0x0000000080a00000|100%| O|  |TAMS 0x0000000080900000, 0x0000000080900000| Untracked 
|  10|0x0000000080a00000, 0x0000000080a9c600, 0x0000000080b00000| 61%| O|  |TAMS 0x0000000080a00000, 0x0000000080a00000| Untracked 
|  11|0x0000000080b00000, 0x0000000080c00000, 0x0000000080c00000|100%|HS|  |TAMS 0x0000000080b00000, 0x0000000080b00000| Complete 
|  12|0x0000000080c00000, 0x0000000080c00000, 0x0000000080d00000|  0%| F|  |TAMS 0x0000000080c00000, 0x0000000080c00000| Untracked 
|  13|0x0000000080d00000, 0x0000000080d00000, 0x0000000080e00000|  0%| F|  |TAMS 0x0000000080d00000, 0x0000000080d00000| Untracked 
|  14|0x0000000080e00000, 0x0000000080e00000, 0x0000000080f00000|  0%| F|  |TAMS 0x0000000080e00000, 0x0000000080e00000| Untracked 
|  15|0x0000000080f00000, 0x0000000080f00000, 0x0000000081000000|  0%| F|  |TAMS 0x0000000080f00000, 0x0000000080f00000| Untracked 
|  16|0x0000000081000000, 0x0000000081000000, 0x0000000081100000|  0%| F|  |TAMS 0x0000000081000000, 0x0000000081000000| Untracked 
|  17|0x0000000081100000, 0x0000000081100000, 0x0000000081200000|  0%| F|  |TAMS 0x0000000081100000, 0x0000000081100000| Untracked 
|  18|0x0000000081200000, 0x0000000081200000, 0x0000000081300000|  0%| F|  |TAMS 0x0000000081200000, 0x0000000081200000| Untracked 
|  19|0x0000000081300000, 0x0000000081300000, 0x0000000081400000|  0%| F|  |TAMS 0x0000000081300000, 0x0000000081300000| Untracked 
|  20|0x0000000081400000, 0x0000000081400000, 0x0000000081500000|  0%| F|  |TAMS 0x0000000081400000, 0x0000000081400000| Untracked 
|  21|0x0000000081500000, 0x0000000081500000, 0x0000000081600000|  0%| F|  |TAMS 0x0000000081500000, 0x0000000081500000| Untracked 
|  22|0x0000000081600000, 0x0000000081600000, 0x0000000081700000|  0%| F|  |TAMS 0x0000000081600000, 0x0000000081600000| Untracked 
|  23|0x0000000081700000, 0x0000000081700000, 0x0000000081800000|  0%| F|  |TAMS 0x0000000081700000, 0x0000000081700000| Untracked 
|  24|0x0000000081800000, 0x0000000081800000, 0x0000000081900000|  0%| F|  |TAMS 0x0000000081800000, 0x0000000081800000| Untracked 
|  25|0x0000000081900000, 0x0000000081900000, 0x0000000081a00000|  0%| F|  |TAMS 0x0000000081900000, 0x0000000081900000| Untracked 
|  26|0x0000000081a00000, 0x0000000081a00000, 0x0000000081b00000|  0%| F|  |TAMS 0x0000000081a00000, 0x0000000081a00000| Untracked 
|  27|0x0000000081b00000, 0x0000000081b00000, 0x0000000081c00000|  0%| F|  |TAMS 0x0000000081b00000, 0x0000000081b00000| Untracked 
|  28|0x0000000081c00000, 0x0000000081c00000, 0x0000000081d00000|  0%| F|  |TAMS 0x0000000081c00000, 0x0000000081c00000| Untracked 
|  29|0x0000000081d00000, 0x0000000081d00000, 0x0000000081e00000|  0%| F|  |TAMS 0x0000000081d00000, 0x0000000081d00000| Untracked 
|  30|0x0000000081e00000, 0x0000000081e00000, 0x0000000081f00000|  0%| F|  |TAMS 0x0000000081e00000, 0x0000000081e00000| Untracked 
|  31|0x0000000081f00000, 0x0000000081f00000, 0x0000000082000000|  0%| F|  |TAMS 0x0000000081f00000, 0x0000000081f00000| Untracked 
|  32|0x0000000082000000, 0x0000000082000000, 0x0000000082100000|  0%| F|  |TAMS 0x0000000082000000, 0x0000000082000000| Untracked 
|  33|0x0000000082100000, 0x0000000082100000, 0x0000000082200000|  0%| F|  |TAMS 0x0000000082100000, 0x0000000082100000| Untracked 
|  34|0x0000000082200000, 0x0000000082200000, 0x0000000082300000|  0%| F|  |TAMS 0x0000000082200000, 0x0000000082200000| Untracked 
|  35|0x0000000082300000, 0x0000000082300000, 0x0000000082400000|  0%| F|  |TAMS 0x0000000082300000, 0x0000000082300000| Untracked 
|  36|0x0000000082400000, 0x0000000082400000, 0x0000000082500000|  0%| F|  |TAMS 0x0000000082400000, 0x0000000082400000| Untracked 
|  37|0x0000000082500000, 0x0000000082500000, 0x0000000082600000|  0%| F|  |TAMS 0x0000000082500000, 0x0000000082500000| Untracked 
|  38|0x0000000082600000, 0x0000000082600000, 0x0000000082700000|  0%| F|  |TAMS 0x0000000082600000, 0x0000000082600000| Untracked 
|  39|0x0000000082700000, 0x0000000082700000, 0x0000000082800000|  0%| F|  |TAMS 0x0000000082700000, 0x0000000082700000| Untracked 
|  40|0x0000000082800000, 0x0000000082800000, 0x0000000082900000|  0%| F|  |TAMS 0x0000000082800000, 0x0000000082800000| Untracked 
|  41|0x0000000082900000, 0x0000000082900000, 0x0000000082a00000|  0%| F|  |TAMS 0x0000000082900000, 0x0000000082900000| Untracked 
|  42|0x0000000082a00000, 0x0000000082a00000, 0x0000000082b00000|  0%| F|  |TAMS 0x0000000082a00000, 0x0000000082a00000| Untracked 
|  43|0x0000000082b00000, 0x0000000082b00000, 0x0000000082c00000|  0%| F|  |TAMS 0x0000000082b00000, 0x0000000082b00000| Untracked 
|  44|0x0000000082c00000, 0x0000000082c00000, 0x0000000082d00000|  0%| F|  |TAMS 0x0000000082c00000, 0x0000000082c00000| Untracked 
|  45|0x0000000082d00000, 0x0000000082d00000, 0x0000000082e00000|  0%| F|  |TAMS 0x0000000082d00000, 0x0000000082d00000| Untracked 
|  46|0x0000000082e00000, 0x0000000082e00000, 0x0000000082f00000|  0%| F|  |TAMS 0x0000000082e00000, 0x0000000082e00000| Untracked 
|  47|0x0000000082f00000, 0x0000000082f00000, 0x0000000083000000|  0%| F|  |TAMS 0x0000000082f00000, 0x0000000082f00000| Untracked 
|  48|0x0000000083000000, 0x0000000083000000, 0x0000000083100000|  0%| F|  |TAMS 0x0000000083000000, 0x0000000083000000| Untracked 
|  49|0x0000000083100000, 0x0000000083100000, 0x0000000083200000|  0%| F|  |TAMS 0x0000000083100000, 0x0000000083100000| Untracked 
|  50|0x0000000083200000, 0x0000000083200000, 0x0000000083300000|  0%| F|  |TAMS 0x0000000083200000, 0x0000000083200000| Untracked 
|  51|0x0000000083300000, 0x0000000083300000, 0x0000000083400000|  0%| F|  |TAMS 0x0000000083300000, 0x0000000083300000| Untracked 
|  52|0x0000000083400000, 0x0000000083400000, 0x0000000083500000|  0%| F|  |TAMS 0x0000000083400000, 0x0000000083400000| Untracked 
|  53|0x0000000083500000, 0x0000000083500000, 0x0000000083600000|  0%| F|  |TAMS 0x0000000083500000, 0x0000000083500000| Untracked 
|  54|0x0000000083600000, 0x0000000083600000, 0x0000000083700000|  0%| F|  |TAMS 0x0000000083600000, 0x0000000083600000| Untracked 
|  55|0x0000000083700000, 0x0000000083700000, 0x0000000083800000|  0%| F|  |TAMS 0x0000000083700000, 0x0000000083700000| Untracked 
|  56|0x0000000083800000, 0x0000000083800000, 0x0000000083900000|  0%| F|  |TAMS 0x0000000083800000, 0x0000000083800000| Untracked 
|  57|0x0000000083900000, 0x0000000083900000, 0x0000000083a00000|  0%| F|  |TAMS 0x0000000083900000, 0x0000000083900000| Untracked 
|  58|0x0000000083a00000, 0x0000000083a00000, 0x0000000083b00000|  0%| F|  |TAMS 0x0000000083a00000, 0x0000000083a00000| Untracked 
|  59|0x0000000083b00000, 0x0000000083b00000, 0x0000000083c00000|  0%| F|  |TAMS 0x0000000083b00000, 0x0000000083b00000| Untracked 
|  60|0x0000000083c00000, 0x0000000083c00000, 0x0000000083d00000|  0%| F|  |TAMS 0x0000000083c00000, 0x0000000083c00000| Untracked 
|  61|0x0000000083d00000, 0x0000000083d00000, 0x0000000083e00000|  0%| F|  |TAMS 0x0000000083d00000, 0x0000000083d00000| Untracked 
|  62|0x0000000083e00000, 0x0000000083e00000, 0x0000000083f00000|  0%| F|  |TAMS 0x0000000083e00000, 0x0000000083e00000| Untracked 
|  63|0x0000000083f00000, 0x0000000083f00000, 0x0000000084000000|  0%| F|  |TAMS 0x0000000083f00000, 0x0000000083f00000| Untracked 
|  64|0x0000000084000000, 0x0000000084000000, 0x0000000084100000|  0%| F|  |TAMS 0x0000000084000000, 0x0000000084000000| Untracked 
|  65|0x0000000084100000, 0x0000000084100000, 0x0000000084200000|  0%| F|  |TAMS 0x0000000084100000, 0x0000000084100000| Untracked 
|  66|0x0000000084200000, 0x0000000084200000, 0x0000000084300000|  0%| F|  |TAMS 0x0000000084200000, 0x0000000084200000| Untracked 
|  67|0x0000000084300000, 0x0000000084300000, 0x0000000084400000|  0%| F|  |TAMS 0x0000000084300000, 0x0000000084300000| Untracked 
|  68|0x0000000084400000, 0x0000000084400000, 0x0000000084500000|  0%| F|  |TAMS 0x0000000084400000, 0x0000000084400000| Untracked 
|  69|0x0000000084500000, 0x0000000084500000, 0x0000000084600000|  0%| F|  |TAMS 0x0000000084500000, 0x0000000084500000| Untracked 
|  70|0x0000000084600000, 0x0000000084600000, 0x0000000084700000|  0%| F|  |TAMS 0x0000000084600000, 0x0000000084600000| Untracked 
|  71|0x0000000084700000, 0x0000000084700000, 0x0000000084800000|  0%| F|  |TAMS 0x0000000084700000, 0x0000000084700000| Untracked 
|  72|0x0000000084800000, 0x00000000848843f0, 0x0000000084900000| 51%| E|  |TAMS 0x0000000084800000, 0x0000000084800000| Complete 
|  73|0x0000000084900000, 0x0000000084a00000, 0x0000000084a00000|100%| E|CS|TAMS 0x0000000084900000, 0x0000000084900000| Complete 
|  74|0x0000000084a00000, 0x0000000084b00000, 0x0000000084b00000|100%| E|CS|TAMS 0x0000000084a00000, 0x0000000084a00000| Complete 
|  75|0x0000000084b00000, 0x0000000084c00000, 0x0000000084c00000|100%| E|CS|TAMS 0x0000000084b00000, 0x0000000084b00000| Complete 
|  76|0x0000000084c00000, 0x0000000084d00000, 0x0000000084d00000|100%| E|CS|TAMS 0x0000000084c00000, 0x0000000084c00000| Complete 
|  77|0x0000000084d00000, 0x0000000084e00000, 0x0000000084e00000|100%| E|CS|TAMS 0x0000000084d00000, 0x0000000084d00000| Complete 
|  78|0x0000000084e00000, 0x0000000084f00000, 0x0000000084f00000|100%| E|CS|TAMS 0x0000000084e00000, 0x0000000084e00000| Complete 
|  79|0x0000000084f00000, 0x0000000085000000, 0x0000000085000000|100%| E|CS|TAMS 0x0000000084f00000, 0x0000000084f00000| Complete 
|  80|0x0000000085000000, 0x0000000085100000, 0x0000000085100000|100%| E|CS|TAMS 0x0000000085000000, 0x0000000085000000| Complete 
|  81|0x0000000085100000, 0x0000000085200000, 0x0000000085200000|100%| E|CS|TAMS 0x0000000085100000, 0x0000000085100000| Complete 
|  82|0x0000000085200000, 0x0000000085300000, 0x0000000085300000|100%| E|CS|TAMS 0x0000000085200000, 0x0000000085200000| Complete 
|  83|0x0000000085300000, 0x0000000085400000, 0x0000000085400000|100%| E|CS|TAMS 0x0000000085300000, 0x0000000085300000| Complete 
|  84|0x0000000085400000, 0x0000000085500000, 0x0000000085500000|100%| E|CS|TAMS 0x0000000085400000, 0x0000000085400000| Complete 
|  85|0x0000000085500000, 0x0000000085600000, 0x0000000085600000|100%| E|CS|TAMS 0x0000000085500000, 0x0000000085500000| Complete 
|  86|0x0000000085600000, 0x0000000085700000, 0x0000000085700000|100%| E|CS|TAMS 0x0000000085600000, 0x0000000085600000| Complete 
|  87|0x0000000085700000, 0x0000000085800000, 0x0000000085800000|100%| E|CS|TAMS 0x0000000085700000, 0x0000000085700000| Complete 
|  88|0x0000000085800000, 0x0000000085900000, 0x0000000085900000|100%| E|CS|TAMS 0x0000000085800000, 0x0000000085800000| Complete 
|  89|0x0000000085900000, 0x0000000085a00000, 0x0000000085a00000|100%| E|CS|TAMS 0x0000000085900000, 0x0000000085900000| Complete 
|  90|0x0000000085a00000, 0x0000000085b00000, 0x0000000085b00000|100%| E|CS|TAMS 0x0000000085a00000, 0x0000000085a00000| Complete 
|  91|0x0000000085b00000, 0x0000000085c00000, 0x0000000085c00000|100%| E|CS|TAMS 0x0000000085b00000, 0x0000000085b00000| Complete 
|  92|0x0000000085c00000, 0x0000000085d00000, 0x0000000085d00000|100%| E|CS|TAMS 0x0000000085c00000, 0x0000000085c00000| Complete 
|  93|0x0000000085d00000, 0x0000000085d3ce30, 0x0000000085e00000| 23%| S|CS|TAMS 0x0000000085d00000, 0x0000000085d00000| Complete 
|  94|0x0000000085e00000, 0x0000000085f00000, 0x0000000085f00000|100%| S|CS|TAMS 0x0000000085e00000, 0x0000000085e00000| Complete 
|  95|0x0000000085f00000, 0x0000000086000000, 0x0000000086000000|100%| E|CS|TAMS 0x0000000085f00000, 0x0000000085f00000| Complete 
|  96|0x0000000086000000, 0x0000000086100000, 0x0000000086100000|100%| E|CS|TAMS 0x0000000086000000, 0x0000000086000000| Complete 
|  97|0x0000000086100000, 0x0000000086200000, 0x0000000086200000|100%| E|CS|TAMS 0x0000000086100000, 0x0000000086100000| Complete 
|  98|0x0000000086200000, 0x0000000086300000, 0x0000000086300000|100%| E|CS|TAMS 0x0000000086200000, 0x0000000086200000| Complete 
|  99|0x0000000086300000, 0x0000000086400000, 0x0000000086400000|100%| E|CS|TAMS 0x0000000086300000, 0x0000000086300000| Complete 
| 100|0x0000000086400000, 0x0000000086500000, 0x0000000086500000|100%| E|CS|TAMS 0x0000000086400000, 0x0000000086400000| Complete 
| 101|0x0000000086500000, 0x0000000086600000, 0x0000000086600000|100%| E|CS|TAMS 0x0000000086500000, 0x0000000086500000| Complete 
| 102|0x0000000086600000, 0x0000000086700000, 0x0000000086700000|100%| E|CS|TAMS 0x0000000086600000, 0x0000000086600000| Complete 
| 103|0x0000000086700000, 0x0000000086800000, 0x0000000086800000|100%| E|CS|TAMS 0x0000000086700000, 0x0000000086700000| Complete 
| 104|0x0000000086800000, 0x0000000086900000, 0x0000000086900000|100%| E|CS|TAMS 0x0000000086800000, 0x0000000086800000| Complete 
| 105|0x0000000086900000, 0x0000000086a00000, 0x0000000086a00000|100%| E|CS|TAMS 0x0000000086900000, 0x0000000086900000| Complete 
| 106|0x0000000086a00000, 0x0000000086b00000, 0x0000000086b00000|100%| E|CS|TAMS 0x0000000086a00000, 0x0000000086a00000| Complete 
| 107|0x0000000086b00000, 0x0000000086c00000, 0x0000000086c00000|100%| E|CS|TAMS 0x0000000086b00000, 0x0000000086b00000| Complete 
| 108|0x0000000086c00000, 0x0000000086d00000, 0x0000000086d00000|100%| E|CS|TAMS 0x0000000086c00000, 0x0000000086c00000| Complete 
| 109|0x0000000086d00000, 0x0000000086e00000, 0x0000000086e00000|100%| E|CS|TAMS 0x0000000086d00000, 0x0000000086d00000| Complete 
| 110|0x0000000086e00000, 0x0000000086f00000, 0x0000000086f00000|100%| E|CS|TAMS 0x0000000086e00000, 0x0000000086e00000| Complete 
| 111|0x0000000086f00000, 0x0000000087000000, 0x0000000087000000|100%| E|CS|TAMS 0x0000000086f00000, 0x0000000086f00000| Complete 
| 112|0x0000000087000000, 0x0000000087100000, 0x0000000087100000|100%| E|CS|TAMS 0x0000000087000000, 0x0000000087000000| Complete 
| 113|0x0000000087100000, 0x0000000087200000, 0x0000000087200000|100%| E|CS|TAMS 0x0000000087100000, 0x0000000087100000| Complete 
| 114|0x0000000087200000, 0x0000000087300000, 0x0000000087300000|100%| E|CS|TAMS 0x0000000087200000, 0x0000000087200000| Complete 
| 115|0x0000000087300000, 0x0000000087400000, 0x0000000087400000|100%| E|CS|TAMS 0x0000000087300000, 0x0000000087300000| Complete 
| 116|0x0000000087400000, 0x0000000087500000, 0x0000000087500000|100%| E|CS|TAMS 0x0000000087400000, 0x0000000087400000| Complete 
| 117|0x0000000087500000, 0x0000000087600000, 0x0000000087600000|100%| E|CS|TAMS 0x0000000087500000, 0x0000000087500000| Complete 
| 118|0x0000000087600000, 0x0000000087700000, 0x0000000087700000|100%| E|CS|TAMS 0x0000000087600000, 0x0000000087600000| Complete 
| 119|0x0000000087700000, 0x0000000087800000, 0x0000000087800000|100%| E|CS|TAMS 0x0000000087700000, 0x0000000087700000| Complete 
| 120|0x0000000087800000, 0x0000000087900000, 0x0000000087900000|100%| E|CS|TAMS 0x0000000087800000, 0x0000000087800000| Complete 
| 121|0x0000000087900000, 0x0000000087a00000, 0x0000000087a00000|100%| E|CS|TAMS 0x0000000087900000, 0x0000000087900000| Complete 
| 122|0x0000000087a00000, 0x0000000087b00000, 0x0000000087b00000|100%| E|CS|TAMS 0x0000000087a00000, 0x0000000087a00000| Complete 
| 123|0x0000000087b00000, 0x0000000087c00000, 0x0000000087c00000|100%| E|CS|TAMS 0x0000000087b00000, 0x0000000087b00000| Complete 

Card table byte_map: [0x000001ca31ff0000,0x000001ca323f0000] _byte_map_base: 0x000001ca31bf0000

Marking Bits (Prev, Next): (CMBitMap*) 0x000001ca1ae0acc0, (CMBitMap*) 0x000001ca1ae0ad00
 Prev Bits: [0x000001ca327f0000, 0x000001ca347f0000)
 Next Bits: [0x000001ca347f0000, 0x000001ca367f0000)

Polling page: 0x000001ca1a560000

Metaspace:

Usage:
  Non-class:     10.48 MB used.
      Class:      1.69 MB used.
       Both:     12.17 MB used.

Virtual space:
  Non-class space:       64.00 MB reserved,      10.62 MB ( 17%) committed,  1 nodes.
      Class space:      416.00 MB reserved,       1.81 MB ( <1%) committed,  1 nodes.
             Both:      480.00 MB reserved,      12.44 MB (  3%) committed. 

Chunk freelists:
   Non-Class:  4.47 MB
       Class:  14.16 MB
        Both:  18.62 MB

MaxMetaspaceSize: 512.00 MB
CompressedClassSpaceSize: 416.00 MB
Initial GC threshold: 21.00 MB
Current GC threshold: 21.00 MB
CDS: on
MetaspaceReclaimPolicy: balanced
 - commit_granule_bytes: 65536.
 - commit_granule_words: 8192.
 - virtual_space_node_default_size: 8388608.
 - enlarge_chunks_in_place: 1.
 - new_chunks_are_fully_committed: 0.
 - uncommit_free_chunks: 1.
 - use_allocation_guard: 0.
 - handle_deallocations: 1.


Internal statistics:

num_allocs_failed_limit: 0.
num_arena_births: 178.
num_arena_deaths: 0.
num_vsnodes_births: 2.
num_vsnodes_deaths: 0.
num_space_committed: 199.
num_space_uncommitted: 0.
num_chunks_returned_to_freelist: 0.
num_chunks_taken_from_freelist: 528.
num_chunk_merges: 0.
num_chunk_splits: 365.
num_chunks_enlarged: 285.
num_inconsistent_stats: 0.

CodeHeap 'non-profiled nmethods': size=120000Kb used=1022Kb max_used=1022Kb free=118977Kb
 bounds [0x000001ca2a390000, 0x000001ca2a600000, 0x000001ca318c0000]
CodeHeap 'profiled nmethods': size=120000Kb used=4249Kb max_used=4249Kb free=115750Kb
 bounds [0x000001ca228c0000, 0x000001ca22cf0000, 0x000001ca29df0000]
CodeHeap 'non-nmethods': size=5760Kb used=1226Kb max_used=1245Kb free=4533Kb
 bounds [0x000001ca29df0000, 0x000001ca2a060000, 0x000001ca2a390000]
 total_blobs=2652 nmethods=2135 adapters=429
 compilation: enabled
              stopped_count=0, restarted_count=0
 full_count=0

Compilation events (20 events):
Event: 9.241 Thread 0x000001ca392484a0 2127       3       java.lang.invoke.LambdaForm::useCount (61 bytes)
Event: 9.241 Thread 0x000001ca392484a0 nmethod 2127 0x000001ca22ce0610 code [0x000001ca22ce07e0, 0x000001ca22ce0b48]
Event: 9.244 Thread 0x000001ca39225240 nmethod 2089 0x000001ca2a48cc90 code [0x000001ca2a48cea0, 0x000001ca2a48e4e8]
Event: 9.244 Thread 0x000001ca39225240 2109       4       jdk.internal.org.objectweb.asm.Frame::execute (2305 bytes)
Event: 9.256 Thread 0x000001ca392484a0 2129       3       java.lang.reflect.Constructor::newInstanceWithCaller (75 bytes)
Event: 9.256 Thread 0x000001ca392484a0 nmethod 2129 0x000001ca22ce0d10 code [0x000001ca22ce0f00, 0x000001ca22ce1318]
Event: 9.259 Thread 0x000001ca392484a0 2130       3       jdk.internal.reflect.DelegatingConstructorAccessorImpl::newInstance (9 bytes)
Event: 9.259 Thread 0x000001ca392484a0 nmethod 2130 0x000001ca22ce1490 code [0x000001ca22ce1640, 0x000001ca22ce1808]
Event: 9.279 Thread 0x000001ca392484a0 2132       3       java.util.concurrent.locks.AbstractQueuedSynchronizer::compareAndSetState (13 bytes)
Event: 9.279 Thread 0x000001ca392484a0 nmethod 2132 0x000001ca22ce1910 code [0x000001ca22ce1aa0, 0x000001ca22ce1bd8]
Event: 9.280 Thread 0x000001ca392484a0 2133       3       java.util.concurrent.locks.AbstractQueuedSynchronizer::release (19 bytes)
Event: 9.280 Thread 0x000001ca392484a0 nmethod 2133 0x000001ca22ce1c90 code [0x000001ca22ce1e80, 0x000001ca22ce2308]
Event: 9.295 Thread 0x000001ca392484a0 2134       3       java.lang.reflect.Constructor::newInstance (34 bytes)
Event: 9.295 Thread 0x000001ca392484a0 nmethod 2134 0x000001ca22ce2490 code [0x000001ca22ce2640, 0x000001ca22ce2878]
Event: 9.299 Thread 0x000001ca392484a0 2135       3       java.nio.HeapByteBuffer::get (14 bytes)
Event: 9.299 Thread 0x000001ca392484a0 nmethod 2135 0x000001ca22ce2990 code [0x000001ca22ce2b60, 0x000001ca22ce2e48]
Event: 9.310 Thread 0x000001ca392484a0 2139       3       org.gradle.internal.service.DefaultServiceRegistry$FactoryService::<init> (7 bytes)
Event: 9.311 Thread 0x000001ca392484a0 nmethod 2139 0x000001ca22ce3010 code [0x000001ca22ce3220, 0x000001ca22ce3a88]
Event: 9.330 Thread 0x000001ca392484a0 2140       3       java.lang.reflect.Method::getGenericReturnType (20 bytes)
Event: 9.331 Thread 0x000001ca392484a0 nmethod 2140 0x000001ca22ce3d10 code [0x000001ca22ce3fc0, 0x000001ca22ce50f8]

GC Heap History (4 events):
Event: 1.750 GC heap before
{Heap before GC invocations=0 (full 0):
 garbage-first heap   total 126976K, used 26624K [0x0000000080000000, 0x0000000100000000)
  region size 1024K, 23 young (23552K), 0 survivors (0K)
 Metaspace       used 3061K, committed 3200K, reserved 491520K
  class space    used 392K, committed 448K, reserved 425984K
}
Event: 1.760 GC heap after
{Heap after GC invocations=1 (full 0):
 garbage-first heap   total 126976K, used 10912K [0x0000000080000000, 0x0000000100000000)
  region size 1024K, 3 young (3072K), 3 survivors (3072K)
 Metaspace       used 3061K, committed 3200K, reserved 491520K
  class space    used 392K, committed 448K, reserved 425984K
}
Event: 3.169 GC heap before
{Heap before GC invocations=1 (full 0):
 garbage-first heap   total 126976K, used 37536K [0x0000000080000000, 0x0000000100000000)
  region size 1024K, 29 young (29696K), 3 survivors (3072K)
 Metaspace       used 4002K, committed 4160K, reserved 491520K
  class space    used 490K, committed 576K, reserved 425984K
}
Event: 3.176 GC heap after
{Heap after GC invocations=2 (full 0):
 garbage-first heap   total 126976K, used 12133K [0x0000000080000000, 0x0000000100000000)
  region size 1024K, 2 young (2048K), 2 survivors (2048K)
 Metaspace       used 4002K, committed 4160K, reserved 491520K
  class space    used 490K, committed 576K, reserved 425984K
}

Dll operation events (15 events):
Event: 0.072 Loaded shared library C:\Program Files\Microsoft\jdk-17.0.10.7-hotspot\bin\java.dll
Event: 0.165 Loaded shared library C:\Program Files\Microsoft\jdk-17.0.10.7-hotspot\bin\jsvml.dll
Event: 0.365 Loaded shared library C:\Program Files\Microsoft\jdk-17.0.10.7-hotspot\bin\zip.dll
Event: 0.373 Loaded shared library C:\Program Files\Microsoft\jdk-17.0.10.7-hotspot\bin\instrument.dll
Event: 0.381 Loaded shared library C:\Program Files\Microsoft\jdk-17.0.10.7-hotspot\bin\net.dll
Event: 0.383 Loaded shared library C:\Program Files\Microsoft\jdk-17.0.10.7-hotspot\bin\nio.dll
Event: 0.393 Loaded shared library C:\Program Files\Microsoft\jdk-17.0.10.7-hotspot\bin\zip.dll
Event: 0.963 Loaded shared library C:\Program Files\Microsoft\jdk-17.0.10.7-hotspot\bin\jimage.dll
Event: 1.104 Loaded shared library C:\Program Files\Microsoft\jdk-17.0.10.7-hotspot\bin\verify.dll
Event: 1.487 Loaded shared library C:\Users\joaoo\.gradle\native\68d5fa5c4cc2d200863cafc0d521ce42e7d3e7ee720ec0a83991735586a16f82\windows-amd64\native-platform.dll
Event: 1.548 Loaded shared library C:\Users\joaoo\.gradle\native\e376f236ea51e6404a007f0833ffe2c6e607c4080706a723a18a27aeea778392\windows-amd64\native-platform-file-events.dll
Event: 4.416 Loaded shared library C:\Program Files\Microsoft\jdk-17.0.10.7-hotspot\bin\management.dll
Event: 4.427 Loaded shared library C:\Program Files\Microsoft\jdk-17.0.10.7-hotspot\bin\management_ext.dll
Event: 5.182 Loaded shared library C:\Program Files\Microsoft\jdk-17.0.10.7-hotspot\bin\extnet.dll
Event: 6.587 Loaded shared library C:\Program Files\Microsoft\jdk-17.0.10.7-hotspot\bin\sunmscapi.dll

Deoptimization events (20 events):
Event: 6.937 Thread 0x000001ca594edef0 Uncommon trap: trap_request=0xffffff45 fr.pc=0x000001ca2a3ade58 relative=0x00000000000003f8
Event: 6.937 Thread 0x000001ca594edef0 Uncommon trap: reason=unstable_if action=reinterpret pc=0x000001ca2a3ade58 method=java.util.regex.Matcher.match(II)Z @ 76 c2
Event: 6.937 Thread 0x000001ca594edef0 DEOPT PACKING pc=0x000001ca2a3ade58 sp=0x000000075e6fdb50
Event: 6.937 Thread 0x000001ca594edef0 DEOPT UNPACKING pc=0x000001ca29e4a1a3 sp=0x000000075e6fdb20 mode 2
Event: 7.030 Thread 0x000001ca3959d060 Uncommon trap: trap_request=0xffffff6e fr.pc=0x000001ca2a44dc64 relative=0x00000000000003c4
Event: 7.030 Thread 0x000001ca3959d060 Uncommon trap: reason=loop_limit_check action=maybe_recompile pc=0x000001ca2a44dc64 method=java.lang.StringLatin1.indexOf([BI[BII)I @ 37 c2
Event: 7.030 Thread 0x000001ca3959d060 DEOPT PACKING pc=0x000001ca2a44dc64 sp=0x000000075e8ff140
Event: 7.030 Thread 0x000001ca3959d060 DEOPT UNPACKING pc=0x000001ca29e4a1a3 sp=0x000000075e8ff0c8 mode 2
Event: 7.176 Thread 0x000001ca3959d060 Uncommon trap: trap_request=0xffffffbe fr.pc=0x000001ca2a46b358 relative=0x00000000000004b8
Event: 7.176 Thread 0x000001ca3959d060 Uncommon trap: reason=profile_predicate action=maybe_recompile pc=0x000001ca2a46b358 method=java.util.AbstractCollection.addAll(Ljava/util/Collection;)Z @ 15 c2
Event: 7.176 Thread 0x000001ca3959d060 DEOPT PACKING pc=0x000001ca2a46b358 sp=0x000000075e8fd5d0
Event: 7.176 Thread 0x000001ca3959d060 DEOPT UNPACKING pc=0x000001ca29e4a1a3 sp=0x000000075e8fd578 mode 2
Event: 8.068 Thread 0x000001ca3959d060 Uncommon trap: trap_request=0xffffff45 fr.pc=0x000001ca2a3c8878 relative=0x0000000000000238
Event: 8.068 Thread 0x000001ca3959d060 Uncommon trap: reason=unstable_if action=reinterpret pc=0x000001ca2a3c8878 method=java.util.HashMap.getNode(Ljava/lang/Object;)Ljava/util/HashMap$Node; @ 66 c2
Event: 8.068 Thread 0x000001ca3959d060 DEOPT PACKING pc=0x000001ca2a3c8878 sp=0x000000075e8fc5a0
Event: 8.068 Thread 0x000001ca3959d060 DEOPT UNPACKING pc=0x000001ca29e4a1a3 sp=0x000000075e8fc520 mode 2
Event: 8.132 Thread 0x000001ca3959d060 Uncommon trap: trap_request=0xffffff45 fr.pc=0x000001ca2a43bc6c relative=0x000000000000024c
Event: 8.132 Thread 0x000001ca3959d060 Uncommon trap: reason=unstable_if action=reinterpret pc=0x000001ca2a43bc6c method=java.util.concurrent.ConcurrentHashMap.get(Ljava/lang/Object;)Ljava/lang/Object; @ 76 c2
Event: 8.132 Thread 0x000001ca3959d060 DEOPT PACKING pc=0x000001ca2a43bc6c sp=0x000000075e8fba70
Event: 8.133 Thread 0x000001ca3959d060 DEOPT UNPACKING pc=0x000001ca29e4a1a3 sp=0x000000075e8fb9d8 mode 2

Classes unloaded (0 events):
No events

Classes redefined (0 events):
No events

Internal exceptions (20 events):
Event: 1.449 Thread 0x000001ca1adb05f0 Exception <a 'java/lang/NoSuchMethodError'{0x00000000869c9980}: 'java.lang.Object java.lang.invoke.Invokers$Holder.invokeExact_MT(java.lang.Object, java.lang.Object, java.lang.Object, java.lang.Object)'> (0x00000000869c9980) 
thrown [s\src\hotspot\share\interpreter\linkResolver.cpp, line 759]
Event: 1.992 Thread 0x000001ca1adb05f0 Exception <a 'java/lang/NoSuchMethodError'{0x000000008777eeb8}: 'void java.lang.invoke.DirectMethodHandle$Holder.invokeInterface(java.lang.Object, java.lang.Object, java.lang.Object)'> (0x000000008777eeb8) 
thrown [s\src\hotspot\share\interpreter\linkResolver.cpp, line 759]
Event: 4.412 Thread 0x000001ca1adb05f0 Exception <a 'java/lang/NoSuchMethodError'{0x0000000086bd8f18}: 'java.lang.Object java.lang.invoke.DirectMethodHandle$Holder.invokeStaticInit(java.lang.Object)'> (0x0000000086bd8f18) 
thrown [s\src\hotspot\share\interpreter\linkResolver.cpp, line 759]
Event: 4.496 Thread 0x000001ca1adb05f0 Exception <a 'java/lang/NoSuchMethodError'{0x0000000086a62278}: 'java.lang.Object java.lang.invoke.DirectMethodHandle$Holder.invokeInterface(java.lang.Object, java.lang.Object)'> (0x0000000086a62278) 
thrown [s\src\hotspot\share\interpreter\linkResolver.cpp, line 759]
Event: 4.850 Thread 0x000001ca1adb05f0 Exception <a 'java/lang/NoSuchMethodError'{0x0000000086311ca8}: 'java.lang.Object java.lang.invoke.DirectMethodHandle$Holder.invokeStaticInit(java.lang.Object, int, int, int, int)'> (0x0000000086311ca8) 
thrown [s\src\hotspot\share\interpreter\linkResolver.cpp, line 759]
Event: 5.133 Thread 0x000001ca1adb05f0 Exception <a 'java/lang/NoSuchMethodError'{0x00000000863af9d8}: 'java.lang.Object java.lang.invoke.DirectMethodHandle$Holder.invokeStaticInit(java.lang.Object, java.lang.Object, int, int, int, int)'> (0x00000000863af9d8) 
thrown [s\src\hotspot\share\interpreter\linkResolver.cpp, line 759]
Event: 6.128 Thread 0x000001ca1adb05f0 Exception <a 'java/lang/NoSuchMethodError'{0x00000000860408f8}: 'void java.lang.invoke.DirectMethodHandle$Holder.invokeStatic(java.lang.Object, java.lang.Object, java.lang.Object)'> (0x00000000860408f8) 
thrown [s\src\hotspot\share\interpreter\linkResolver.cpp, line 759]
Event: 6.192 Thread 0x000001ca1adb05f0 Exception <a 'java/io/IOException'{0x00000000860fb418}> (0x00000000860fb418) 
thrown [s\src\hotspot\share\prims\jni.cpp, line 516]
Event: 7.223 Thread 0x000001ca3959d060 Exception <a 'java/lang/NoSuchMethodError'{0x000000008569f338}: 'long java.lang.invoke.DirectMethodHandle$Holder.invokeInterface(java.lang.Object, java.lang.Object)'> (0x000000008569f338) 
thrown [s\src\hotspot\share\interpreter\linkResolver.cpp, line 759]
Event: 7.243 Thread 0x000001ca3959d060 Exception <a 'java/lang/NoSuchMethodError'{0x00000000856d7028}: 'java.lang.Object java.lang.invoke.DirectMethodHandle$Holder.invokeVirtual(java.lang.Object, java.lang.Object, java.lang.Object)'> (0x00000000856d7028) 
thrown [s\src\hotspot\share\interpreter\linkResolver.cpp, line 759]
Event: 7.916 Thread 0x000001ca3959d060 Exception <a 'java/lang/NoSuchMethodError'{0x00000000852822e8}: 'void java.lang.invoke.DirectMethodHandle$Holder.invokeStatic(java.lang.Object, java.lang.Object)'> (0x00000000852822e8) 
thrown [s\src\hotspot\share\interpreter\linkResolver.cpp, line 759]
Event: 8.089 Thread 0x000001ca3959d060 Exception <a 'java/lang/NoSuchMethodError'{0x000000008502b530}: 'java.lang.Object java.lang.invoke.DirectMethodHandle$Holder.newInvokeSpecial(java.lang.Object, java.lang.Object, java.lang.Object, java.lang.Object, java.lang.Object)'> (0x000000008502b530) 
thrown [s\src\hotspot\share\interpreter\linkResolver.cpp, line 759]
Event: 8.560 Thread 0x000001ca3959d060 Exception <a 'java/lang/NoSuchMethodError'{0x0000000084e4fe90}: 'void java.lang.invoke.DirectMethodHandle$Holder.invokeSpecial(java.lang.Object, java.lang.Object, java.lang.Object)'> (0x0000000084e4fe90) 
thrown [s\src\hotspot\share\interpreter\linkResolver.cpp, line 759]
Event: 8.922 Thread 0x000001ca3959d060 Exception <a 'java/lang/NoSuchMethodError'{0x0000000084efbf10}: 'java.lang.Object java.lang.invoke.DirectMethodHandle$Holder.newInvokeSpecial(java.lang.Object, java.lang.Object, java.lang.Object, java.lang.Object, java.lang.Object, java.lang.Object)'> (0x0000000084efbf10) 
thrown [s\src\hotspot\share\interpreter\linkResolver.cpp, line 759]
Event: 8.933 Thread 0x000001ca3959d060 Exception <a 'java/lang/NoSuchMethodError'{0x0000000084d144d8}: 'void java.lang.invoke.DirectMethodHandle$Holder.invokeSpecial(java.lang.Object, java.lang.Object, java.lang.Object, java.lang.Object, java.lang.Object)'> (0x0000000084d144d8) 
thrown [s\src\hotspot\share\interpreter\linkResolver.cpp, line 759]
Event: 8.947 Thread 0x000001ca3959d060 Exception <a 'java/lang/NoSuchMethodError'{0x0000000084d282f8}: 'void java.lang.invoke.DirectMethodHandle$Holder.invokeStaticInit(java.lang.Object, java.lang.Object)'> (0x0000000084d282f8) 
thrown [s\src\hotspot\share\interpreter\linkResolver.cpp, line 759]
Event: 9.205 Thread 0x000001ca3959d060 Exception <a 'java/lang/NoSuchMethodError'{0x0000000084bf0d60}: 'void java.lang.invoke.DelegatingMethodHandle$Holder.reinvoke_L(java.lang.Object, java.lang.Object, java.lang.Object, java.lang.Object, java.lang.Object, java.lang.Object, java.lang.Object, java.lang.Object, java.lang.Object, java.lang.Object)'> (0x0000000084bf0d60) 
thrown [s\src\hotspot\share\interpreter\linkResolver.cpp, line 759]
Event: 9.206 Thread 0x000001ca3959d060 Exception <a 'java/lang/NoSuchMethodError'{0x0000000084bf91d0}: 'java.lang.Object java.lang.invoke.DirectMethodHandle$Holder.invokeSpecial(java.lang.Object, java.lang.Object, java.lang.Object, java.lang.Object, java.lang.Object, java.lang.Object, java.lang.Object, java.lang.Object, java.lang.Object, java.lang.Object)'> (0x0000000084bf91d0) 
thrown [s\src\hotspot\share\interpreter\linkResolver.cpp, line 759]
Event: 9.208 Thread 0x000001ca3959d060 Exception <a 'java/lang/NoSuchMethodError'{0x0000000084bfdaa0}: 'java.lang.Object java.lang.invoke.Invokers$Holder.invoker(java.lang.Object, java.lang.Object, java.lang.Object, java.lang.Object, java.lang.Object, java.lang.Object, java.lang.Object, java.lang.Object, java.lang.Object, java.lang.Object)'> (0x0000000084bfdaa0) 
thrown [s\src\hotspot\share\interpreter\linkResolver.cpp, line 759]
Event: 9.210 Thread 0x000001ca3959d060 Exception <a 'java/lang/NoSuchMethodError'{0x0000000084a03d98}: 'java.lang.Object java.lang.invoke.DirectMethodHandle$Holder.invokeSpecial(java.lang.Object, java.lang.Object, java.lang.Object, java.lang.Object, java.lang.Object, java.lang.Object, java.lang.Object, java.lang.Object, java.lang.Object, java.lang.Object, java.lang.Object)'> (0x0000000084a03d98) 
thrown [s\src\hotspot\share\interpreter\linkResolver.cpp, line 759]

VM Operations (20 events):
Event: 4.481 Executing VM operation: HandshakeAllThreads
Event: 4.481 Executing VM operation: HandshakeAllThreads done
Event: 4.661 Executing VM operation: HandshakeAllThreads
Event: 4.661 Executing VM operation: HandshakeAllThreads done
Event: 4.811 Executing VM operation: HandshakeAllThreads
Event: 4.811 Executing VM operation: HandshakeAllThreads done
Event: 5.114 Executing VM operation: HandshakeAllThreads
Event: 5.114 Executing VM operation: HandshakeAllThreads done
Event: 6.121 Executing VM operation: Cleanup
Event: 6.121 Executing VM operation: Cleanup done
Event: 6.125 Executing VM operation: HandshakeAllThreads
Event: 6.125 Executing VM operation: HandshakeAllThreads done
Event: 6.610 Executing VM operation: HandshakeAllThreads
Event: 6.610 Executing VM operation: HandshakeAllThreads done
Event: 7.617 Executing VM operation: Cleanup
Event: 7.619 Executing VM operation: Cleanup done
Event: 8.634 Executing VM operation: Cleanup
Event: 8.658 Executing VM operation: Cleanup done
Event: 9.077 Executing VM operation: HandshakeAllThreads
Event: 9.077 Executing VM operation: HandshakeAllThreads done

Events (20 events):
Event: 8.131 loading class jdk/internal/vm/annotation/IntrinsicCandidate
Event: 8.132 loading class jdk/internal/vm/annotation/IntrinsicCandidate done
Event: 8.152 loading class java/util/stream/MatchOps$MatchKind
Event: 8.157 loading class java/util/stream/MatchOps$MatchKind done
Event: 8.161 loading class java/util/stream/MatchOps
Event: 8.163 loading class java/util/stream/MatchOps done
Event: 8.164 loading class java/util/stream/MatchOps$MatchOp
Event: 8.169 loading class java/util/stream/MatchOps$MatchOp done
Event: 8.170 loading class java/util/stream/MatchOps$BooleanTerminalSink
Event: 8.172 loading class java/util/stream/MatchOps$BooleanTerminalSink done
Event: 8.177 loading class java/util/stream/MatchOps$1MatchSink
Event: 8.178 loading class java/util/stream/MatchOps$1MatchSink done
Event: 9.015 loading class java/lang/invoke/MethodHandle$1
Event: 9.016 loading class java/lang/invoke/MethodHandle$1 done
Event: 9.024 loading class java/util/ConcurrentModificationException
Event: 9.024 loading class java/util/ConcurrentModificationException done
Event: 9.080 loading class sun/reflect/generics/scope/ConstructorScope
Event: 9.080 loading class sun/reflect/generics/scope/ConstructorScope done
Event: 9.080 loading class sun/reflect/generics/tree/VoidDescriptor
Event: 9.080 loading class sun/reflect/generics/tree/VoidDescriptor done


Dynamic libraries:
0x00007ff76d0a0000 - 0x00007ff76d0ae000 	C:\Program Files\Microsoft\jdk-17.0.10.7-hotspot\bin\java.exe
0x00007fff7a130000 - 0x00007fff7a346000 	C:\Windows\SYSTEM32\ntdll.dll
0x00007fff79720000 - 0x00007fff797e4000 	C:\Windows\System32\KERNEL32.DLL
0x00007fff77ab0000 - 0x00007fff77e57000 	C:\Windows\System32\KERNELBASE.dll
0x00007fff77780000 - 0x00007fff77891000 	C:\Windows\System32\ucrtbase.dll
0x00007fff5a8b0000 - 0x00007fff5a8c7000 	C:\Program Files\Microsoft\jdk-17.0.10.7-hotspot\bin\jli.dll
0x00007fff794c0000 - 0x00007fff7966e000 	C:\Windows\System32\USER32.dll
0x00007fff77a80000 - 0x00007fff77aa6000 	C:\Windows\System32\win32u.dll
0x00007fff79420000 - 0x00007fff79449000 	C:\Windows\System32\GDI32.dll
0x00007fff77960000 - 0x00007fff77a79000 	C:\Windows\System32\gdi32full.dll
0x00007fff77670000 - 0x00007fff7770a000 	C:\Windows\System32\msvcp_win.dll
0x00007fff5a6a0000 - 0x00007fff5a6bb000 	C:\Program Files\Microsoft\jdk-17.0.10.7-hotspot\bin\VCRUNTIME140.dll
0x00007fff605c0000 - 0x00007fff60853000 	C:\Windows\WinSxS\amd64_microsoft.windows.common-controls_6595b64144ccf1df_6.0.22621.3235_none_270f74e173860f98\COMCTL32.dll
0x00007fff79670000 - 0x00007fff79717000 	C:\Windows\System32\msvcrt.dll
0x00007fff793e0000 - 0x00007fff79411000 	C:\Windows\System32\IMM32.DLL
0x00007fff62d70000 - 0x00007fff62d7c000 	C:\Program Files\Microsoft\jdk-17.0.10.7-hotspot\bin\vcruntime140_1.dll
0x00007fff416b0000 - 0x00007fff4173d000 	C:\Program Files\Microsoft\jdk-17.0.10.7-hotspot\bin\msvcp140.dll
0x00007fff31540000 - 0x00007fff321a5000 	C:\Program Files\Microsoft\jdk-17.0.10.7-hotspot\bin\server\jvm.dll
0x00007fff79810000 - 0x00007fff798c2000 	C:\Windows\System32\ADVAPI32.dll
0x00007fff79ec0000 - 0x00007fff79f68000 	C:\Windows\System32\sechost.dll
0x00007fff77450000 - 0x00007fff77478000 	C:\Windows\System32\bcrypt.dll
0x00007fff79da0000 - 0x00007fff79eb5000 	C:\Windows\System32\RPCRT4.dll
0x00007fff76aa0000 - 0x00007fff76aed000 	C:\Windows\SYSTEM32\POWRPROF.dll
0x00007fff62a90000 - 0x00007fff62a99000 	C:\Windows\SYSTEM32\WSOCK32.dll
0x00007fff782f0000 - 0x00007fff78361000 	C:\Windows\System32\WS2_32.dll
0x00007fff6b630000 - 0x00007fff6b664000 	C:\Windows\SYSTEM32\WINMM.dll
0x00007fff69990000 - 0x00007fff6999a000 	C:\Windows\SYSTEM32\VERSION.dll
0x00007fff76a40000 - 0x00007fff76a53000 	C:\Windows\SYSTEM32\UMPDC.dll
0x00007fff76460000 - 0x00007fff76478000 	C:\Windows\SYSTEM32\kernel.appcore.dll
0x00007fff623f0000 - 0x00007fff623fa000 	C:\Program Files\Microsoft\jdk-17.0.10.7-hotspot\bin\jimage.dll
0x00007fff74d30000 - 0x00007fff74f63000 	C:\Windows\SYSTEM32\DBGHELP.DLL
0x00007fff77f60000 - 0x00007fff782e8000 	C:\Windows\System32\combase.dll
0x00007fff79f90000 - 0x00007fff7a067000 	C:\Windows\System32\OLEAUT32.dll
0x00007fff5aa40000 - 0x00007fff5aa72000 	C:\Windows\SYSTEM32\dbgcore.DLL
0x00007fff775f0000 - 0x00007fff77669000 	C:\Windows\System32\bcryptPrimitives.dll
0x00007fff5fb60000 - 0x00007fff5fb6e000 	C:\Program Files\Microsoft\jdk-17.0.10.7-hotspot\bin\instrument.dll
0x00007fff578b0000 - 0x00007fff578d5000 	C:\Program Files\Microsoft\jdk-17.0.10.7-hotspot\bin\java.dll
0x00007fff3ea60000 - 0x00007fff3eb37000 	C:\Program Files\Microsoft\jdk-17.0.10.7-hotspot\bin\jsvml.dll
0x00007fff789c0000 - 0x00007fff7921c000 	C:\Windows\System32\SHELL32.dll
0x00007fff75360000 - 0x00007fff75c59000 	C:\Windows\SYSTEM32\windows.storage.dll
0x00007fff75220000 - 0x00007fff7535e000 	C:\Windows\SYSTEM32\wintypes.dll
0x00007fff788b0000 - 0x00007fff789a3000 	C:\Windows\System32\SHCORE.dll
0x00007fff785b0000 - 0x00007fff7860e000 	C:\Windows\System32\shlwapi.dll
0x00007fff77380000 - 0x00007fff773a1000 	C:\Windows\SYSTEM32\profapi.dll
0x00007fff56590000 - 0x00007fff565a8000 	C:\Program Files\Microsoft\jdk-17.0.10.7-hotspot\bin\zip.dll
0x00007fff573a0000 - 0x00007fff573b9000 	C:\Program Files\Microsoft\jdk-17.0.10.7-hotspot\bin\net.dll
0x00007fff70de0000 - 0x00007fff70f16000 	C:\Windows\SYSTEM32\WINHTTP.dll
0x00007fff76950000 - 0x00007fff769b9000 	C:\Windows\system32\mswsock.dll
0x00007fff57380000 - 0x00007fff57396000 	C:\Program Files\Microsoft\jdk-17.0.10.7-hotspot\bin\nio.dll
0x00007fff61ac0000 - 0x00007fff61ad0000 	C:\Program Files\Microsoft\jdk-17.0.10.7-hotspot\bin\verify.dll
0x00007fff56560000 - 0x00007fff56587000 	C:\Users\joaoo\.gradle\native\68d5fa5c4cc2d200863cafc0d521ce42e7d3e7ee720ec0a83991735586a16f82\windows-amd64\native-platform.dll
0x00007fff394b0000 - 0x00007fff395f4000 	C:\Users\joaoo\.gradle\native\e376f236ea51e6404a007f0833ffe2c6e607c4080706a723a18a27aeea778392\windows-amd64\native-platform-file-events.dll
0x00007fff60cf0000 - 0x00007fff60cf9000 	C:\Program Files\Microsoft\jdk-17.0.10.7-hotspot\bin\management.dll
0x00007fff60b20000 - 0x00007fff60b2b000 	C:\Program Files\Microsoft\jdk-17.0.10.7-hotspot\bin\management_ext.dll
0x00007fff794b0000 - 0x00007fff794b8000 	C:\Windows\System32\PSAPI.DLL
0x00007fff76c50000 - 0x00007fff76c6b000 	C:\Windows\SYSTEM32\CRYPTSP.dll
0x00007fff763c0000 - 0x00007fff763f5000 	C:\Windows\system32\rsaenh.dll
0x00007fff76af0000 - 0x00007fff76b18000 	C:\Windows\SYSTEM32\USERENV.dll
0x00007fff76c70000 - 0x00007fff76c7c000 	C:\Windows\SYSTEM32\CRYPTBASE.dll
0x00007fff75ec0000 - 0x00007fff75eed000 	C:\Windows\SYSTEM32\IPHLPAPI.DLL
0x00007fff793d0000 - 0x00007fff793d9000 	C:\Windows\System32\NSI.dll
0x00007fff705e0000 - 0x00007fff705f9000 	C:\Windows\SYSTEM32\dhcpcsvc6.DLL
0x00007fff705c0000 - 0x00007fff705df000 	C:\Windows\SYSTEM32\dhcpcsvc.DLL
0x00007fff75f30000 - 0x00007fff76029000 	C:\Windows\SYSTEM32\DNSAPI.dll
0x00007fff613b0000 - 0x00007fff613b9000 	C:\Program Files\Microsoft\jdk-17.0.10.7-hotspot\bin\extnet.dll
0x00007fff5f4e0000 - 0x00007fff5f4ee000 	C:\Program Files\Microsoft\jdk-17.0.10.7-hotspot\bin\sunmscapi.dll
0x00007fff77480000 - 0x00007fff775e7000 	C:\Windows\System32\CRYPT32.dll
0x00007fff76e10000 - 0x00007fff76e3e000 	C:\Windows\SYSTEM32\ncrypt.dll
0x00007fff76dd0000 - 0x00007fff76e07000 	C:\Windows\SYSTEM32\NTASN1.dll
0x00007fff5eb50000 - 0x00007fff5eb58000 	C:\Windows\system32\wshunix.dll

dbghelp: loaded successfully - version: 4.0.5 - missing functions: none
symbol engine: initialized successfully - sym options: 0x614 - pdb path: .;C:\Program Files\Microsoft\jdk-17.0.10.7-hotspot\bin;C:\Windows\SYSTEM32;C:\Windows\WinSxS\amd64_microsoft.windows.common-controls_6595b64144ccf1df_6.0.22621.3235_none_270f74e173860f98;C:\Program Files\Microsoft\jdk-17.0.10.7-hotspot\bin\server;C:\Users\joaoo\.gradle\native\68d5fa5c4cc2d200863cafc0d521ce42e7d3e7ee720ec0a83991735586a16f82\windows-amd64;C:\Users\joaoo\.gradle\native\e376f236ea51e6404a007f0833ffe2c6e607c4080706a723a18a27aeea778392\windows-amd64

VM Arguments:
jvm_args: -XX:MaxMetaspaceSize=512m --add-opens=java.base/java.util=ALL-UNNAMED --add-opens=java.base/java.lang=ALL-UNNAMED --add-opens=java.base/java.lang.invoke=ALL-UNNAMED --add-opens=java.prefs/java.util.prefs=ALL-UNNAMED --add-opens=java.base/java.nio.charset=ALL-UNNAMED --add-opens=java.base/java.net=ALL-UNNAMED --add-opens=java.base/java.util.concurrent.atomic=ALL-UNNAMED -Xmx2048m -Dfile.encoding=windows-1252 -Duser.country=BR -Duser.language=pt -Duser.variant -javaagent:C:\Users\joaoo\.gradle\wrapper\dists\gradle-8.3-all\6en3ugtfdg5xnpx44z4qbwgas\gradle-8.3\lib\agents\gradle-instrumentation-agent-8.3.jar 
java_command: org.gradle.launcher.daemon.bootstrap.GradleDaemon 8.3
java_class_path (initial): C:\Users\joaoo\.gradle\wrapper\dists\gradle-8.3-all\6en3ugtfdg5xnpx44z4qbwgas\gradle-8.3\lib\gradle-launcher-8.3.jar
Launcher Type: SUN_STANDARD

[Global flags]
     intx CICompilerCount                          = 4                                         {product} {ergonomic}
   size_t CompressedClassSpaceSize                 = 436207616                                 {product} {ergonomic}
     uint ConcGCThreads                            = 2                                         {product} {ergonomic}
     uint G1ConcRefinementThreads                  = 8                                         {product} {ergonomic}
   size_t G1HeapRegionSize                         = 1048576                                   {product} {ergonomic}
    uintx GCDrainStackTargetSize                   = 64                                        {product} {ergonomic}
   size_t InitialHeapSize                          = 130023424                                 {product} {ergonomic}
   size_t MarkStackSize                            = 4194304                                   {product} {ergonomic}
   size_t MaxHeapSize                              = 2147483648                                {product} {command line}
   size_t MaxMetaspaceSize                         = 536870912                                 {product} {command line}
   size_t MaxNewSize                               = 1287651328                                {product} {ergonomic}
   size_t MinHeapDeltaBytes                        = 1048576                                   {product} {ergonomic}
   size_t MinHeapSize                              = 8388608                                   {product} {ergonomic}
    uintx NonNMethodCodeHeapSize                   = 5839372                                {pd product} {ergonomic}
    uintx NonProfiledCodeHeapSize                  = 122909434                              {pd product} {ergonomic}
    uintx ProfiledCodeHeapSize                     = 122909434                              {pd product} {ergonomic}
    uintx ReservedCodeCacheSize                    = 251658240                              {pd product} {ergonomic}
     bool SegmentedCodeCache                       = true                                      {product} {ergonomic}
   size_t SoftMaxHeapSize                          = 2147483648                             {manageable} {ergonomic}
     bool UseCompressedClassPointers               = true                           {product lp64_product} {ergonomic}
     bool UseCompressedOops                        = true                           {product lp64_product} {ergonomic}
     bool UseG1GC                                  = true                                      {product} {ergonomic}
     bool UseLargePagesIndividualAllocation        = false                                  {pd product} {ergonomic}

Logging:
Log output configuration:
 #0: stdout all=warning uptime,level,tags
 #1: stderr all=off uptime,level,tags

Environment Variables:
JAVA_HOME=C:\Program Files\Microsoft\jdk-17.0.10.7-hotspot\
CLASSPATH=C:\GitHub\PI\PI-4_Semestre\Mobile\android\\gradle\wrapper\gradle-wrapper.jar
PATH=C:\GitHub\PI\PI-4_Semestre\Mobile\node_modules\.bin;C:\GitHub\PI\PI-4_Semestre\Mobile\node_modules\.bin;C:\GitHub\PI\PI-4_Semestre\node_modules\.bin;C:\GitHub\PI\node_modules\.bin;C:\GitHub\node_modules\.bin;C:\node_modules\.bin;C:\Programs\nodejs\node_modules\npm\node_modules\@npmcli\run-script\lib\node-gyp-bin;C:\Programs\Python\Scripts\;C:\Programs\Python\;C:\Program Files\Microsoft\jdk-17.0.10.7-hotspot\bin;C:\Windows\system32;C:\Windows;C:\Windows\System32\Wbem;C:\Windows\System32\WindowsPowerShell\v1.0\;C:\Windows\System32\OpenSSH\;C:\ProgramData\chocolatey\bin;C:\Programs\nodejs\;C:\Programs\Git\cmd;C:\Program Files\dotnet\;C:\Program Files\MySQL\MySQL Shell 8.0\bin\;C:\Users\joaoo\AppData\Local\Microsoft\WindowsApps;C:\Programs\Microsoft VS Code\bin;C:\Users\joaoo\AppData\Roaming\npm;C:\Users\joaoo\AppData\Local\Android\Sdk\platform-tools;
USERNAME=joaoo
LANG=en_US.UTF-8
OS=Windows_NT
PROCESSOR_IDENTIFIER=Intel64 Family 6 Model 140 Stepping 1, GenuineIntel
TMP=C:\Users\joaoo\AppData\Local\Temp
TEMP=C:\Users\joaoo\AppData\Local\Temp



Periodic native trim disabled


---------------  S Y S T E M  ---------------

OS:
 Windows 11 , 64 bit Build 22621 (10.0.22621.3374)
OS uptime: 8 days 14:26 hours
Hyper-V role detected

CPU: total 8 (initial active 8) (4 cores per cpu, 2 threads per core) family 6 model 140 stepping 1 microcode 0x8a, cx8, cmov, fxsr, ht, mmx, 3dnowpref, sse, sse2, sse3, ssse3, sse4.1, sse4.2, popcnt, lzcnt, tsc, tscinvbit, avx, avx2, aes, erms, clmul, bmi1, bmi2, adx, avx512f, avx512dq, avx512cd, avx512bw, avx512vl, sha, fma, vzeroupper, avx512_vpopcntdq, avx512_vpclmulqdq, avx512_vaes, avx512_vnni, clflush, clflushopt, clwb, avx512_vbmi2, avx512_vbmi, hv
Processor Information for processor 0
  Max Mhz: 2419, Current Mhz: 2419, Mhz Limit: 2419
Processor Information for processor 1
  Max Mhz: 2419, Current Mhz: 1209, Mhz Limit: 2419
Processor Information for processor 2
  Max Mhz: 2419, Current Mhz: 2419, Mhz Limit: 2419
Processor Information for processor 3
  Max Mhz: 2419, Current Mhz: 1209, Mhz Limit: 2419
Processor Information for processor 4
  Max Mhz: 2419, Current Mhz: 2419, Mhz Limit: 2419
Processor Information for processor 5
  Max Mhz: 2419, Current Mhz: 2419, Mhz Limit: 2419
Processor Information for processor 6
  Max Mhz: 2419, Current Mhz: 2419, Mhz Limit: 2419
Processor Information for processor 7
  Max Mhz: 2419, Current Mhz: 2419, Mhz Limit: 2419

Memory: 4k page, system-wide physical 7915M (207M free)
TotalPageFile size 32491M (AvailPageFile size 0M)
current process WorkingSet (physical memory assigned to process): 138M, peak: 138M
current process commit charge ("private bytes"): 248M, peak: 249M

vm_info: OpenJDK 64-Bit Server VM (17.0.10+7-LTS) for windows-amd64 JRE (17.0.10+7-LTS), built on Jan 10 2024 19:47:12 by "MicrosoftCorporation" with MS VC++ 16.10 / 16.11 (VS2019)

END.
