#
# There is insufficient memory for the Java Runtime Environment to continue.
# Native memory allocation (mmap) failed to map 130023424 bytes for G1 virtual space
# Possible reasons:
#   The system is out of physical RAM or swap space
#   The process is running with CompressedOops enabled, and the Java Heap may be blocking the growth of the native heap
# Possible solutions:
#   Reduce memory load on the system
#   Increase physical memory or swap space
#   Check if swap backing store is full
#   Decrease Java heap size (-Xmx/-Xms)
#   Decrease number of Java threads
#   Decrease Java thread stack sizes (-Xss)
#   Set larger code cache with -XX:ReservedCodeCacheSize=
#   JVM is running with Unscaled Compressed Oops mode in which the Java heap is
#     placed in the first 4GB address space. The Java Heap base address is the
#     maximum limit for the native heap growth. Please use -XX:HeapBaseMinAddress
#     to set the Java Heap base and to place the Java Heap above 4GB virtual address.
# This output file may be truncated or incomplete.
#
#  Out of Memory Error (os_windows.cpp:3613), pid=16480, tid=23348
#
# JRE version:  (17.0.10+7) (build )
# Java VM: OpenJDK 64-Bit Server VM (17.0.10+7-LTS, mixed mode, sharing, tiered, compressed oops, compressed class ptrs, g1 gc, windows-amd64)
# No core dump will be written. Minidumps are not enabled by default on client versions of Windows
#

---------------  S U M M A R Y ------------

Command Line: -Dfile.encoding=utf8 c:\Users\joaoo\.vscode\extensions\vscjava.vscode-gradle-3.13.2024011802\lib\gradle-language-server.jar

Host: 11th Gen Intel(R) Core(TM) i5-1135G7 @ 2.40GHz, 8 cores, 7G,  Windows 11 , 64 bit Build 22621 (10.0.22621.3374)
Time: Sun Apr 28 12:45:44 2024 Hora oficial do Brasil elapsed time: 0.052888 seconds (0d 0h 0m 0s)

---------------  T H R E A D  ---------------

Current thread (0x00000195373fbad0):  JavaThread "Unknown thread" [_thread_in_vm, id=23348, stack(0x0000006029100000,0x0000006029200000)]

Stack: [0x0000006029100000,0x0000006029200000]
Native frames: (J=compiled Java code, j=interpreted, Vv=VM code, C=native code)
V  [jvm.dll+0x67f829]
V  [jvm.dll+0x83750a]
V  [jvm.dll+0x838fce]
V  [jvm.dll+0x839633]
V  [jvm.dll+0x247cbf]
V  [jvm.dll+0x67c669]
V  [jvm.dll+0x6710da]
V  [jvm.dll+0x309b8b]
V  [jvm.dll+0x311036]
V  [jvm.dll+0x360d5e]
V  [jvm.dll+0x360f8f]
V  [jvm.dll+0x2e0798]
V  [jvm.dll+0x2e1704]
V  [jvm.dll+0x808d91]
V  [jvm.dll+0x36ec11]
V  [jvm.dll+0x7e7826]
V  [jvm.dll+0x3f245f]
V  [jvm.dll+0x3f4091]
C  [jli.dll+0x528f]
C  [ucrtbase.dll+0x29333]
C  [KERNEL32.DLL+0x1257d]
C  [ntdll.dll+0x5aa48]


---------------  P R O C E S S  ---------------

Threads class SMR info:
_java_thread_list=0x00007fff32071ed8, length=0, elements={
}

Java Threads: ( => current thread )

Other Threads:
  0x0000019537456420 GCTaskThread "GC Thread#0" [stack: 0x0000006029200000,0x0000006029300000] [id=14840]
  0x0000019537466af0 ConcurrentGCThread "G1 Main Marker" [stack: 0x0000006029300000,0x0000006029400000] [id=7860]
  0x0000019537467510 ConcurrentGCThread "G1 Conc#0" [stack: 0x0000006029400000,0x0000006029500000] [id=25568]

[error occurred during error reporting (printing all threads), id 0xc0000005, EXCEPTION_ACCESS_VIOLATION (0xc0000005) at pc=0x00007fff318311d7]

VM state: not at safepoint (not fully initialized)

VM Mutex/Monitor currently owned by a thread:  ([mutex/lock_event])
[0x00000195373f7450] Heap_lock - owner thread: 0x00000195373fbad0

Heap address: 0x0000000084400000, size: 1980 MB, Compressed Oops mode: 32-bit

CDS archive(s) mapped at: [0x0000000000000000-0x0000000000000000-0x0000000000000000), size 0, SharedBaseAddress: 0x0000000800000000, ArchiveRelocationMode: 1.
Narrow klass base: 0x0000000000000000, Narrow klass shift: 0, Narrow klass range: 0x0

GC Precious Log:
<Empty>

Heap:
 garbage-first heap   total 0K, used 0K [0x0000000084400000, 0x0000000100000000)
  region size 1024K, 0 young (0K), 0 survivors (0K)

[error occurred during error reporting (printing heap information), id 0xc0000005, EXCEPTION_ACCESS_VIOLATION (0xc0000005) at pc=0x00007fff31c19869]

GC Heap History (0 events):
No events

Dll operation events (1 events):
Event: 0.017 Loaded shared library C:\Program Files\Microsoft\jdk-17.0.10.7-hotspot\bin\java.dll

Deoptimization events (0 events):
No events

Classes unloaded (0 events):
No events

Classes redefined (0 events):
No events

Internal exceptions (0 events):
No events

VM Operations (0 events):
No events

Events (0 events):
No events


Dynamic libraries:
0x00007ff76d0a0000 - 0x00007ff76d0ae000 	C:\Program Files\Microsoft\jdk-17.0.10.7-hotspot\bin\java.exe
0x00007fff7a130000 - 0x00007fff7a346000 	C:\Windows\SYSTEM32\ntdll.dll
0x00007fff79720000 - 0x00007fff797e4000 	C:\Windows\System32\KERNEL32.DLL
0x00007fff77ab0000 - 0x00007fff77e57000 	C:\Windows\System32\KERNELBASE.dll
0x00007fff77780000 - 0x00007fff77891000 	C:\Windows\System32\ucrtbase.dll
0x00007fff6d190000 - 0x00007fff6d1a7000 	C:\Program Files\Microsoft\jdk-17.0.10.7-hotspot\bin\jli.dll
0x00007fff794c0000 - 0x00007fff7966e000 	C:\Windows\System32\USER32.dll
0x00007fff77a80000 - 0x00007fff77aa6000 	C:\Windows\System32\win32u.dll
0x00007fff79420000 - 0x00007fff79449000 	C:\Windows\System32\GDI32.dll
0x00007fff77960000 - 0x00007fff77a79000 	C:\Windows\System32\gdi32full.dll
0x00007fff77670000 - 0x00007fff7770a000 	C:\Windows\System32\msvcp_win.dll
0x00007fff66270000 - 0x00007fff6628b000 	C:\Program Files\Microsoft\jdk-17.0.10.7-hotspot\bin\VCRUNTIME140.dll
0x00007fff605c0000 - 0x00007fff60853000 	C:\Windows\WinSxS\amd64_microsoft.windows.common-controls_6595b64144ccf1df_6.0.22621.3235_none_270f74e173860f98\COMCTL32.dll
0x00007fff79670000 - 0x00007fff79717000 	C:\Windows\System32\msvcrt.dll
0x00007fff793e0000 - 0x00007fff79411000 	C:\Windows\System32\IMM32.DLL
0x00007fff73de0000 - 0x00007fff73dec000 	C:\Program Files\Microsoft\jdk-17.0.10.7-hotspot\bin\vcruntime140_1.dll
0x00007fff64180000 - 0x00007fff6420d000 	C:\Program Files\Microsoft\jdk-17.0.10.7-hotspot\bin\msvcp140.dll
0x00007fff31540000 - 0x00007fff321a5000 	C:\Program Files\Microsoft\jdk-17.0.10.7-hotspot\bin\server\jvm.dll
0x00007fff79810000 - 0x00007fff798c2000 	C:\Windows\System32\ADVAPI32.dll
0x00007fff79ec0000 - 0x00007fff79f68000 	C:\Windows\System32\sechost.dll
0x00007fff77450000 - 0x00007fff77478000 	C:\Windows\System32\bcrypt.dll
0x00007fff79da0000 - 0x00007fff79eb5000 	C:\Windows\System32\RPCRT4.dll
0x00007fff76aa0000 - 0x00007fff76aed000 	C:\Windows\SYSTEM32\POWRPROF.dll
0x00007fff6b630000 - 0x00007fff6b664000 	C:\Windows\SYSTEM32\WINMM.dll
0x00007fff69990000 - 0x00007fff6999a000 	C:\Windows\SYSTEM32\VERSION.dll
0x00007fff6d1d0000 - 0x00007fff6d1d9000 	C:\Windows\SYSTEM32\WSOCK32.dll
0x00007fff782f0000 - 0x00007fff78361000 	C:\Windows\System32\WS2_32.dll
0x00007fff76a40000 - 0x00007fff76a53000 	C:\Windows\SYSTEM32\UMPDC.dll
0x00007fff76460000 - 0x00007fff76478000 	C:\Windows\SYSTEM32\kernel.appcore.dll
0x00007fff650d0000 - 0x00007fff650da000 	C:\Program Files\Microsoft\jdk-17.0.10.7-hotspot\bin\jimage.dll
0x00007fff74d30000 - 0x00007fff74f63000 	C:\Windows\SYSTEM32\DBGHELP.DLL
0x00007fff77f60000 - 0x00007fff782e8000 	C:\Windows\System32\combase.dll
0x00007fff79f90000 - 0x00007fff7a067000 	C:\Windows\System32\OLEAUT32.dll
0x00007fff5aa40000 - 0x00007fff5aa72000 	C:\Windows\SYSTEM32\dbgcore.DLL
0x00007fff775f0000 - 0x00007fff77669000 	C:\Windows\System32\bcryptPrimitives.dll
0x00007fff64150000 - 0x00007fff64175000 	C:\Program Files\Microsoft\jdk-17.0.10.7-hotspot\bin\java.dll

dbghelp: loaded successfully - version: 4.0.5 - missing functions: none
symbol engine: initialized successfully - sym options: 0x614 - pdb path: .;C:\Program Files\Microsoft\jdk-17.0.10.7-hotspot\bin;C:\Windows\SYSTEM32;C:\Windows\WinSxS\amd64_microsoft.windows.common-controls_6595b64144ccf1df_6.0.22621.3235_none_270f74e173860f98;C:\Program Files\Microsoft\jdk-17.0.10.7-hotspot\bin\server

VM Arguments:
jvm_args: -Dfile.encoding=utf8 
java_command: c:\Users\joaoo\.vscode\extensions\vscjava.vscode-gradle-3.13.2024011802\lib\gradle-language-server.jar
java_class_path (initial): c:\Users\joaoo\.vscode\extensions\vscjava.vscode-gradle-3.13.2024011802\lib\gradle-language-server.jar
Launcher Type: SUN_STANDARD

[Global flags]
     intx CICompilerCount                          = 4                                         {product} {ergonomic}
     uint ConcGCThreads                            = 2                                         {product} {ergonomic}
     uint G1ConcRefinementThreads                  = 8                                         {product} {ergonomic}
   size_t G1HeapRegionSize                         = 1048576                                   {product} {ergonomic}
    uintx GCDrainStackTargetSize                   = 64                                        {product} {ergonomic}
   size_t InitialHeapSize                          = 130023424                                 {product} {ergonomic}
   size_t MarkStackSize                            = 4194304                                   {product} {ergonomic}
   size_t MaxHeapSize                              = 2076180480                                {product} {ergonomic}
   size_t MinHeapDeltaBytes                        = 1048576                                   {product} {ergonomic}
   size_t MinHeapSize                              = 8388608                                   {product} {ergonomic}
    uintx NonNMethodCodeHeapSize                   = 5839372                                {pd product} {ergonomic}
    uintx NonProfiledCodeHeapSize                  = 122909434                              {pd product} {ergonomic}
    uintx ProfiledCodeHeapSize                     = 122909434                              {pd product} {ergonomic}
    uintx ReservedCodeCacheSize                    = 251658240                              {pd product} {ergonomic}
     bool SegmentedCodeCache                       = true                                      {product} {ergonomic}
   size_t SoftMaxHeapSize                          = 2076180480                             {manageable} {ergonomic}
     bool UseCompressedClassPointers               = true                           {product lp64_product} {ergonomic}
     bool UseCompressedOops                        = true                           {product lp64_product} {ergonomic}
     bool UseG1GC                                  = true                                      {product} {ergonomic}
     bool UseLargePagesIndividualAllocation        = false                                  {pd product} {ergonomic}

Logging:
Log output configuration:
 #0: stdout all=warning uptime,level,tags
 #1: stderr all=off uptime,level,tags

Environment Variables:
JAVA_HOME=C:\Program Files\Microsoft\jdk-17.0.10.7-hotspot\
PATH=C:\Programs\Python\Scripts\;C:\Programs\Python\;C:\Program Files\Microsoft\jdk-17.0.10.7-hotspot\bin;C:\Windows\system32;C:\Windows;C:\Windows\System32\Wbem;C:\Windows\System32\WindowsPowerShell\v1.0\;C:\Windows\System32\OpenSSH\;C:\ProgramData\chocolatey\bin;C:\Programs\nodejs\;C:\Programs\Git\cmd;C:\Program Files\dotnet\;C:\Program Files\MySQL\MySQL Shell 8.0\bin\;C:\Users\joaoo\AppData\Local\Microsoft\WindowsApps;C:\Programs\Microsoft VS Code\bin;C:\Users\joaoo\AppData\Roaming\npm;C:\Users\joaoo\AppData\Local\Android\Sdk\platform-tools;
USERNAME=joaoo
OS=Windows_NT
PROCESSOR_IDENTIFIER=Intel64 Family 6 Model 140 Stepping 1, GenuineIntel
TMP=C:\Users\joaoo\AppData\Local\Temp
TEMP=C:\Users\joaoo\AppData\Local\Temp



Periodic native trim disabled


---------------  S Y S T E M  ---------------

OS:
 Windows 11 , 64 bit Build 22621 (10.0.22621.3374)
OS uptime: 8 days 14:42 hours
Hyper-V role detected

CPU: total 8 (initial active 8) (4 cores per cpu, 2 threads per core) family 6 model 140 stepping 1 microcode 0x8a, cx8, cmov, fxsr, ht, mmx, 3dnowpref, sse, sse2, sse3, ssse3, sse4.1, sse4.2, popcnt, lzcnt, tsc, tscinvbit, avx, avx2, aes, erms, clmul, bmi1, bmi2, adx, avx512f, avx512dq, avx512cd, avx512bw, avx512vl, sha, fma, vzeroupper, avx512_vpopcntdq, avx512_vpclmulqdq, avx512_vaes, avx512_vnni, clflush, clflushopt, clwb, avx512_vbmi2, avx512_vbmi, hv
Processor Information for processor 0
  Max Mhz: 2419, Current Mhz: 2419, Mhz Limit: 2419
Processor Information for processor 1
  Max Mhz: 2419, Current Mhz: 2419, Mhz Limit: 2419
Processor Information for processor 2
  Max Mhz: 2419, Current Mhz: 2419, Mhz Limit: 2419
Processor Information for processor 3
  Max Mhz: 2419, Current Mhz: 1209, Mhz Limit: 2419
Processor Information for processor 4
  Max Mhz: 2419, Current Mhz: 2419, Mhz Limit: 2419
Processor Information for processor 5
  Max Mhz: 2419, Current Mhz: 2419, Mhz Limit: 2419
Processor Information for processor 6
  Max Mhz: 2419, Current Mhz: 2419, Mhz Limit: 2419
Processor Information for processor 7
  Max Mhz: 2419, Current Mhz: 1209, Mhz Limit: 2419

Memory: 4k page, system-wide physical 7915M (434M free)
TotalPageFile size 32491M (AvailPageFile size 17M)
current process WorkingSet (physical memory assigned to process): 11M, peak: 11M
current process commit charge ("private bytes"): 60M, peak: 184M

vm_info: OpenJDK 64-Bit Server VM (17.0.10+7-LTS) for windows-amd64 JRE (17.0.10+7-LTS), built on Jan 10 2024 19:47:12 by "MicrosoftCorporation" with MS VC++ 16.10 / 16.11 (VS2019)

END.
