#
# There is insufficient memory for the Java Runtime Environment to continue.
# Native memory allocation (malloc) failed to allocate 32744 bytes for ChunkPool::allocate
# Possible reasons:
#   The system is out of physical RAM or swap space
#   The process is running with CompressedOops enabled, and the Java Heap may be blocking the growth of the native heap
# Possible solutions:
#   Reduce memory load on the system
#   Increase physical memory or swap space
#   Check if swap backing store is full
#   Decrease Java heap size (-Xmx/-Xms)
#   Decrease number of Java threads
#   Decrease Java thread stack sizes (-Xss)
#   Set larger code cache with -XX:ReservedCodeCacheSize=
#   JVM is running with Unscaled Compressed Oops mode in which the Java heap is
#     placed in the first 4GB address space. The Java Heap base address is the
#     maximum limit for the native heap growth. Please use -XX:HeapBaseMinAddress
#     to set the Java Heap base and to place the Java Heap above 4GB virtual address.
# This output file may be truncated or incomplete.
#
#  Out of Memory Error (arena.cpp:79), pid=34736, tid=1756
#
# JRE version: OpenJDK Runtime Environment Temurin-17.0.10+7 (17.0.10+7) (build 17.0.10+7)
# Java VM: OpenJDK 64-Bit Server VM Temurin-17.0.10+7 (17.0.10+7, mixed mode, tiered, compressed oops, compressed class ptrs, parallel gc, windows-amd64)
# No core dump will be written. Minidumps are not enabled by default on client versions of Windows
#

---------------  S U M M A R Y ------------

Command Line: --add-modules=ALL-SYSTEM --add-opens=java.base/java.util=ALL-UNNAMED --add-opens=java.base/java.lang=ALL-UNNAMED --add-opens=java.base/sun.nio.fs=ALL-UNNAMED -Declipse.application=org.eclipse.jdt.ls.core.id1 -Dosgi.bundles.defaultStartLevel=4 -Declipse.product=org.eclipse.jdt.ls.core.product -Djava.import.generatesMetadataFilesAtProjectRoot=false -DDetectVMInstallationsJob.disabled=true -Dfile.encoding=utf8 -XX:+UseParallelGC -XX:GCTimeRatio=4 -XX:AdaptiveSizePolicyWeight=90 -Dsun.zip.disableMemoryMapping=true -Xmx1G -Xms100m -Xlog:disable -javaagent:c:\Users\joaoo\.vscode\extensions\redhat.java-1.31.2024042608-win32-x64\lombok\lombok-1.18.32.jar c:\Users\joaoo\.vscode\extensions\redhat.java-1.31.2024042608-win32-x64\server\plugins\org.eclipse.equinox.launcher_1.6.800.v20240330-1250.jar -configuration c:\Users\joaoo\AppData\Roaming\Code\User\globalStorage\redhat.java\1.31.2024042608\config_ss_win -data c:\Users\joaoo\AppData\Roaming\Code\User\workspaceStorage\1e6ca924b705756f5905872512508e37\redhat.java\ss_ws --pipe=\\.\pipe\lsp-ab77767454dcfbb19fb4ab0239c6d085-sock

Host: 11th Gen Intel(R) Core(TM) i5-1135G7 @ 2.40GHz, 8 cores, 7G,  Windows 11 , 64 bit Build 22621 (10.0.22621.3374)
Time: Sun Apr 28 12:30:16 2024 Hora oficial do Brasil elapsed time: 16.667114 seconds (0d 0h 0m 16s)

---------------  T H R E A D  ---------------

Current thread (0x0000021484284980):  JavaThread "C2 CompilerThread0" daemon [_thread_in_native, id=1756, stack(0x0000006232e00000,0x0000006232f00000)]


Current CompileTask:
C2:  16667 2366       4       org.lombokweb.asm.ClassReader::readMethod (1066 bytes)

Stack: [0x0000006232e00000,0x0000006232f00000]
Native frames: (J=compiled Java code, j=interpreted, Vv=VM code, C=native code)
V  [jvm.dll+0x67d2c9]
V  [jvm.dll+0x834afa]
V  [jvm.dll+0x8365be]
V  [jvm.dll+0x836c23]
V  [jvm.dll+0x2477ff]
V  [jvm.dll+0xac711]
V  [jvm.dll+0xacb5c]
V  [jvm.dll+0x65bc0f]
V  [jvm.dll+0x7a57b]
V  [jvm.dll+0x65919e]
V  [jvm.dll+0x347a04]
V  [jvm.dll+0x34b97a]
V  [jvm.dll+0x1a7cf1]
V  [jvm.dll+0x2adf34]
V  [jvm.dll+0x695755]
V  [jvm.dll+0x68d71b]
V  [jvm.dll+0x68cd57]
V  [jvm.dll+0x68ac42]
V  [jvm.dll+0x1a828c]
V  [jvm.dll+0x218ec8]
V  [jvm.dll+0x1a502d]
V  [jvm.dll+0x2290de]
V  [jvm.dll+0x2272ac]
V  [jvm.dll+0x7e9bb7]
V  [jvm.dll+0x7e3fba]
V  [jvm.dll+0x67c1b5]
C  [ucrtbase.dll+0x29333]
C  [KERNEL32.DLL+0x1257d]
C  [ntdll.dll+0x5aa48]


---------------  P R O C E S S  ---------------

Threads class SMR info:
_java_thread_list=0x000002148569e510, length=20, elements={
0x00000214eb39ecb0, 0x00000214ff21f020, 0x00000214ff2203f0, 0x00000214ff22d230,
0x00000214ff22db00, 0x00000214ff22e3d0, 0x0000021484284000, 0x0000021484284980,
0x00000214842dcf50, 0x00000214842efc40, 0x00000214ff10bdf0, 0x000002148458e330,
0x0000021485ab5940, 0x00000214859e8050, 0x00000214842dc370, 0x00000214842d4ed0,
0x0000021485b2b310, 0x0000021485b13df0, 0x0000021485b11060, 0x0000021485b129b0
}

Java Threads: ( => current thread )
  0x00000214eb39ecb0 JavaThread "main" [_thread_blocked, id=6276, stack(0x0000006232500000,0x0000006232600000)]
  0x00000214ff21f020 JavaThread "Reference Handler" daemon [_thread_blocked, id=5600, stack(0x0000006232800000,0x0000006232900000)]
  0x00000214ff2203f0 JavaThread "Finalizer" daemon [_thread_blocked, id=35060, stack(0x0000006232900000,0x0000006232a00000)]
  0x00000214ff22d230 JavaThread "Signal Dispatcher" daemon [_thread_blocked, id=30848, stack(0x0000006232a00000,0x0000006232b00000)]
  0x00000214ff22db00 JavaThread "Attach Listener" daemon [_thread_blocked, id=14596, stack(0x0000006232b00000,0x0000006232c00000)]
  0x00000214ff22e3d0 JavaThread "Service Thread" daemon [_thread_blocked, id=20928, stack(0x0000006232c00000,0x0000006232d00000)]
  0x0000021484284000 JavaThread "Monitor Deflation Thread" daemon [_thread_blocked, id=1716, stack(0x0000006232d00000,0x0000006232e00000)]
=>0x0000021484284980 JavaThread "C2 CompilerThread0" daemon [_thread_in_native, id=1756, stack(0x0000006232e00000,0x0000006232f00000)]
  0x00000214842dcf50 JavaThread "C1 CompilerThread0" daemon [_thread_in_native, id=29168, stack(0x0000006232f00000,0x0000006233000000)]
  0x00000214842efc40 JavaThread "Sweeper thread" daemon [_thread_blocked, id=28128, stack(0x0000006233000000,0x0000006233100000)]
  0x00000214ff10bdf0 JavaThread "Common-Cleaner" daemon [_thread_blocked, id=22016, stack(0x0000006233100000,0x0000006233200000)]
  0x000002148458e330 JavaThread "Notification Thread" daemon [_thread_blocked, id=13480, stack(0x0000006233200000,0x0000006233300000)]
  0x0000021485ab5940 JavaThread "Active Thread: Equinox Container: 1234e046-ea16-4c0d-a7a8-28173bc74478" [_thread_blocked, id=7532, stack(0x0000006233b00000,0x0000006233c00000)]
  0x00000214859e8050 JavaThread "Framework Event Dispatcher: Equinox Container: 1234e046-ea16-4c0d-a7a8-28173bc74478" daemon [_thread_blocked, id=37268, stack(0x0000006233a00000,0x0000006233b00000)]
  0x00000214842dc370 JavaThread "Start Level: Equinox Container: 1234e046-ea16-4c0d-a7a8-28173bc74478" daemon [_thread_in_native, id=7344, stack(0x0000006233c00000,0x0000006233d00000)]
  0x00000214842d4ed0 JavaThread "SCR Component Actor" daemon [_thread_blocked, id=14508, stack(0x0000006233d00000,0x0000006233e00000)]
  0x0000021485b2b310 JavaThread "SCR Component Registry" daemon [_thread_blocked, id=38176, stack(0x0000006233f00000,0x0000006234000000)]
  0x0000021485b13df0 JavaThread "Worker-JM" [_thread_blocked, id=35340, stack(0x0000006234000000,0x0000006234100000)]
  0x0000021485b11060 JavaThread "Worker-0" [_thread_blocked, id=13024, stack(0x0000006234100000,0x0000006234200000)]
  0x0000021485b129b0 JavaThread "Worker-1" [_thread_blocked, id=32804, stack(0x0000006234200000,0x0000006234300000)]

Other Threads:
  0x00000214842624c0 VMThread "VM Thread" [stack: 0x0000006232700000,0x0000006232800000] [id=11700]
  0x00000214854102d0 WatcherThread [stack: 0x0000006233300000,0x0000006233400000] [id=16268]
  0x00000214eb3b4620 GCTaskThread "GC Thread#0" [stack: 0x0000006232600000,0x0000006232700000] [id=2952]
  0x00000214854f50c0 GCTaskThread "GC Thread#1" [stack: 0x0000006233400000,0x0000006233500000] [id=36792]
  0x0000021485c8a000 GCTaskThread "GC Thread#2" [stack: 0x0000006233500000,0x0000006233600000] [id=8652]
  0x0000021485c8a2c0 GCTaskThread "GC Thread#3" [stack: 0x0000006233600000,0x0000006233700000] [id=17488]
  0x0000021485c8a580 GCTaskThread "GC Thread#4" [stack: 0x0000006233700000,0x0000006233800000] [id=28892]
  0x0000021485c8a840 GCTaskThread "GC Thread#5" [stack: 0x0000006233800000,0x0000006233900000] [id=16028]
  0x0000021485984800 GCTaskThread "GC Thread#6" [stack: 0x0000006233900000,0x0000006233a00000] [id=24184]
  0x00000214854c7450 GCTaskThread "GC Thread#7" [stack: 0x0000006233e00000,0x0000006233f00000] [id=5368]

Threads with active compile tasks:
C2 CompilerThread0    16708 2366       4       org.lombokweb.asm.ClassReader::readMethod (1066 bytes)
C1 CompilerThread0    16708 2380 %     3       org.lombokweb.asm.SymbolTable::<init> @ 98 (536 bytes)

VM state: not at safepoint (normal execution)

VM Mutex/Monitor currently owned by a thread: None

Heap address: 0x00000000c0000000, size: 1024 MB, Compressed Oops mode: 32-bit

CDS archive(s) not mapped
Compressed class space mapped at: 0x0000000100000000-0x0000000140000000, reserved size: 1073741824
Narrow klass base: 0x0000000000000000, Narrow klass shift: 3, Narrow klass range: 0x140000000

GC Precious Log:
 CPUs: 8 total, 8 available
 Memory: 7915M
 Large Page Support: Disabled
 NUMA Support: Disabled
 Compressed Oops: Enabled (32-bit)
 Alignments: Space 512K, Generation 512K, Heap 2M
 Heap Min Capacity: 100M
 Heap Initial Capacity: 100M
 Heap Max Capacity: 1G
 Pre-touch: Disabled
 Parallel Workers: 8

Heap:
 PSYoungGen      total 26112K, used 6712K [0x00000000eab00000, 0x00000000ec880000, 0x0000000100000000)
  eden space 25088K, 24% used [0x00000000eab00000,0x00000000eb105498,0x00000000ec380000)
  from space 1024K, 53% used [0x00000000ec400000,0x00000000ec488f38,0x00000000ec500000)
  to   space 2560K, 0% used [0x00000000ec600000,0x00000000ec600000,0x00000000ec880000)
 ParOldGen       total 68608K, used 6971K [0x00000000c0000000, 0x00000000c4300000, 0x00000000eab00000)
  object space 68608K, 10% used [0x00000000c0000000,0x00000000c06cecd8,0x00000000c4300000)
 Metaspace       used 25204K, committed 25664K, reserved 1114112K
  class space    used 2475K, committed 2688K, reserved 1048576K

Card table byte_map: [0x00000214ead30000,0x00000214eaf40000] _byte_map_base: 0x00000214ea730000

Marking Bits: (ParMarkBitMap*) 0x00007fff307dd7d0
 Begin Bits: [0x00000214fd030000, 0x00000214fe030000)
 End Bits:   [0x00000214fe030000, 0x00000214ff030000)

Polling page: 0x00000214e92f0000

Metaspace:

Usage:
  Non-class:     22.20 MB used.
      Class:      2.42 MB used.
       Both:     24.61 MB used.

Virtual space:
  Non-class space:       64.00 MB reserved,      22.44 MB ( 35%) committed,  1 nodes.
      Class space:        1.00 GB reserved,       2.62 MB ( <1%) committed,  1 nodes.
             Both:        1.06 GB reserved,      25.06 MB (  2%) committed. 

Chunk freelists:
   Non-Class:  8.88 MB
       Class:  13.42 MB
        Both:  22.30 MB

MaxMetaspaceSize: unlimited
CompressedClassSpaceSize: 1.00 GB
Initial GC threshold: 21.00 MB
Current GC threshold: 35.00 MB
CDS: off
MetaspaceReclaimPolicy: balanced
 - commit_granule_bytes: 65536.
 - commit_granule_words: 8192.
 - virtual_space_node_default_size: 8388608.
 - enlarge_chunks_in_place: 1.
 - new_chunks_are_fully_committed: 0.
 - uncommit_free_chunks: 1.
 - use_allocation_guard: 0.
 - handle_deallocations: 1.


Internal statistics:

num_allocs_failed_limit: 3.
num_arena_births: 278.
num_arena_deaths: 14.
num_vsnodes_births: 2.
num_vsnodes_deaths: 0.
num_space_committed: 401.
num_space_uncommitted: 0.
num_chunks_returned_to_freelist: 17.
num_chunks_taken_from_freelist: 935.
num_chunk_merges: 5.
num_chunk_splits: 606.
num_chunks_enlarged: 409.
num_inconsistent_stats: 0.

CodeHeap 'non-profiled nmethods': size=120000Kb used=977Kb max_used=977Kb free=119023Kb
 bounds [0x00000214f5b00000, 0x00000214f5d70000, 0x00000214fd030000]
CodeHeap 'profiled nmethods': size=120000Kb used=4704Kb max_used=4704Kb free=115296Kb
 bounds [0x00000214ee030000, 0x00000214ee4d0000, 0x00000214f5560000]
CodeHeap 'non-nmethods': size=5760Kb used=1225Kb max_used=1225Kb free=4534Kb
 bounds [0x00000214f5560000, 0x00000214f57d0000, 0x00000214f5b00000]
 total_blobs=2899 nmethods=2379 adapters=434
 compilation: enabled
              stopped_count=0, restarted_count=0
 full_count=0

Compilation events (20 events):
Event: 16.589 Thread 0x00000214842dcf50 nmethod 2362 0x00000214ee4b3e10 code [0x00000214ee4b3fa0, 0x00000214ee4b4118]
Event: 16.610 Thread 0x0000021484284980 2363       4       java.util.concurrent.locks.AbstractQueuedSynchronizer::signalNext (34 bytes)
Event: 16.611 Thread 0x0000021484284980 nmethod 2363 0x00000214f5bf3d90 code [0x00000214f5bf3f20, 0x00000214f5bf3ff8]
Event: 16.613 Thread 0x00000214842dcf50 2364       3       java.util.ArrayDeque::circularClear (43 bytes)
Event: 16.613 Thread 0x00000214842dcf50 nmethod 2364 0x00000214ee4b4210 code [0x00000214ee4b43e0, 0x00000214ee4b47d8]
Event: 16.618 Thread 0x00000214842dcf50 2365       1       org.eclipse.osgi.internal.loader.sources.PackageSource::getId (5 bytes)
Event: 16.618 Thread 0x00000214842dcf50 nmethod 2365 0x00000214f5bf4110 code [0x00000214f5bf42a0, 0x00000214f5bf4378]
Event: 16.638 Thread 0x0000021484284980 2366       4       org.lombokweb.asm.ClassReader::readMethod (1066 bytes)
Event: 16.642 Thread 0x00000214842dcf50 2368       3       java.util.Arrays::fill (21 bytes)
Event: 16.642 Thread 0x00000214842dcf50 nmethod 2368 0x00000214ee4b4990 code [0x00000214ee4b4b20, 0x00000214ee4b4cd8]
Event: 16.642 Thread 0x00000214842dcf50 2369       3       java.lang.String::split (327 bytes)
Event: 16.648 Thread 0x00000214842dcf50 nmethod 2369 0x00000214ee4b4e10 code [0x00000214ee4b53c0, 0x00000214ee4b86f8]
Event: 16.649 Thread 0x00000214842dcf50 2370       3       lombok.patcher.Hook::convertType (64 bytes)
Event: 16.650 Thread 0x00000214842dcf50 nmethod 2370 0x00000214ee4b9990 code [0x00000214ee4b9be0, 0x00000214ee4ba398]
Event: 16.650 Thread 0x00000214842dcf50 2371       3       org.lombokweb.asm.ClassReader::readVerificationTypeInfo (184 bytes)
Event: 16.651 Thread 0x00000214842dcf50 nmethod 2371 0x00000214ee4ba710 code [0x00000214ee4baa60, 0x00000214ee4bc308]
Event: 16.651 Thread 0x00000214842dcf50 2372       3       org.lombokweb.asm.MethodWriter::putFrameType (84 bytes)
Event: 16.652 Thread 0x00000214842dcf50 nmethod 2372 0x00000214ee4bcb90 code [0x00000214ee4bce00, 0x00000214ee4bd7e8]
Event: 16.652 Thread 0x00000214842dcf50 2373       3       java.lang.String::split (7 bytes)
Event: 16.652 Thread 0x00000214842dcf50 nmethod 2373 0x00000214ee4bdb10 code [0x00000214ee4bdca0, 0x00000214ee4bdde8]

GC Heap History (12 events):
Event: 2.710 GC heap before
{Heap before GC invocations=1 (full 0):
 PSYoungGen      total 29696K, used 25600K [0x00000000eab00000, 0x00000000ecc00000, 0x0000000100000000)
  eden space 25600K, 100% used [0x00000000eab00000,0x00000000ec400000,0x00000000ec400000)
  from space 4096K, 0% used [0x00000000ec800000,0x00000000ec800000,0x00000000ecc00000)
  to   space 4096K, 0% used [0x00000000ec400000,0x00000000ec400000,0x00000000ec800000)
 ParOldGen       total 68608K, used 0K [0x00000000c0000000, 0x00000000c4300000, 0x00000000eab00000)
  object space 68608K, 0% used [0x00000000c0000000,0x00000000c0000000,0x00000000c4300000)
 Metaspace       used 11011K, committed 11200K, reserved 1114112K
  class space    used 1098K, committed 1216K, reserved 1048576K
}
Event: 2.723 GC heap after
{Heap after GC invocations=1 (full 0):
 PSYoungGen      total 29696K, used 3206K [0x00000000eab00000, 0x00000000ecc00000, 0x0000000100000000)
  eden space 25600K, 0% used [0x00000000eab00000,0x00000000eab00000,0x00000000ec400000)
  from space 4096K, 78% used [0x00000000ec400000,0x00000000ec721858,0x00000000ec800000)
  to   space 4096K, 0% used [0x00000000ec800000,0x00000000ec800000,0x00000000ecc00000)
 ParOldGen       total 68608K, used 16K [0x00000000c0000000, 0x00000000c4300000, 0x00000000eab00000)
  object space 68608K, 0% used [0x00000000c0000000,0x00000000c0004000,0x00000000c4300000)
 Metaspace       used 11011K, committed 11200K, reserved 1114112K
  class space    used 1098K, committed 1216K, reserved 1048576K
}
Event: 14.109 GC heap before
{Heap before GC invocations=2 (full 0):
 PSYoungGen      total 29696K, used 28806K [0x00000000eab00000, 0x00000000ecc00000, 0x0000000100000000)
  eden space 25600K, 100% used [0x00000000eab00000,0x00000000ec400000,0x00000000ec400000)
  from space 4096K, 78% used [0x00000000ec400000,0x00000000ec721858,0x00000000ec800000)
  to   space 4096K, 0% used [0x00000000ec800000,0x00000000ec800000,0x00000000ecc00000)
 ParOldGen       total 68608K, used 16K [0x00000000c0000000, 0x00000000c4300000, 0x00000000eab00000)
  object space 68608K, 0% used [0x00000000c0000000,0x00000000c0004000,0x00000000c4300000)
 Metaspace       used 14922K, committed 15168K, reserved 1114112K
  class space    used 1515K, committed 1664K, reserved 1048576K
}
Event: 14.117 GC heap after
{Heap after GC invocations=2 (full 0):
 PSYoungGen      total 29696K, used 4089K [0x00000000eab00000, 0x00000000ecc00000, 0x0000000100000000)
  eden space 25600K, 0% used [0x00000000eab00000,0x00000000eab00000,0x00000000ec400000)
  from space 4096K, 99% used [0x00000000ec800000,0x00000000ecbfe778,0x00000000ecc00000)
  to   space 4096K, 0% used [0x00000000ec400000,0x00000000ec400000,0x00000000ec800000)
 ParOldGen       total 68608K, used 742K [0x00000000c0000000, 0x00000000c4300000, 0x00000000eab00000)
  object space 68608K, 1% used [0x00000000c0000000,0x00000000c00b9b60,0x00000000c4300000)
 Metaspace       used 14922K, committed 15168K, reserved 1114112K
  class space    used 1515K, committed 1664K, reserved 1048576K
}
Event: 15.613 GC heap before
{Heap before GC invocations=3 (full 0):
 PSYoungGen      total 29696K, used 29689K [0x00000000eab00000, 0x00000000ecc00000, 0x0000000100000000)
  eden space 25600K, 100% used [0x00000000eab00000,0x00000000ec400000,0x00000000ec400000)
  from space 4096K, 99% used [0x00000000ec800000,0x00000000ecbfe778,0x00000000ecc00000)
  to   space 4096K, 0% used [0x00000000ec400000,0x00000000ec400000,0x00000000ec800000)
 ParOldGen       total 68608K, used 742K [0x00000000c0000000, 0x00000000c4300000, 0x00000000eab00000)
  object space 68608K, 1% used [0x00000000c0000000,0x00000000c00b9b60,0x00000000c4300000)
 Metaspace       used 19812K, committed 20224K, reserved 1114112K
  class space    used 2020K, committed 2176K, reserved 1048576K
}
Event: 15.619 GC heap after
{Heap after GC invocations=3 (full 0):
 PSYoungGen      total 29696K, used 4088K [0x00000000eab00000, 0x00000000ecc00000, 0x0000000100000000)
  eden space 25600K, 0% used [0x00000000eab00000,0x00000000eab00000,0x00000000ec400000)
  from space 4096K, 99% used [0x00000000ec400000,0x00000000ec7fe3e8,0x00000000ec800000)
  to   space 4096K, 0% used [0x00000000ec800000,0x00000000ec800000,0x00000000ecc00000)
 ParOldGen       total 68608K, used 2609K [0x00000000c0000000, 0x00000000c4300000, 0x00000000eab00000)
  object space 68608K, 3% used [0x00000000c0000000,0x00000000c028c688,0x00000000c4300000)
 Metaspace       used 19812K, committed 20224K, reserved 1114112K
  class space    used 2020K, committed 2176K, reserved 1048576K
}
Event: 16.008 GC heap before
{Heap before GC invocations=4 (full 0):
 PSYoungGen      total 29696K, used 11201K [0x00000000eab00000, 0x00000000ecc00000, 0x0000000100000000)
  eden space 25600K, 27% used [0x00000000eab00000,0x00000000eb1f2218,0x00000000ec400000)
  from space 4096K, 99% used [0x00000000ec400000,0x00000000ec7fe3e8,0x00000000ec800000)
  to   space 4096K, 0% used [0x00000000ec800000,0x00000000ec800000,0x00000000ecc00000)
 ParOldGen       total 68608K, used 2609K [0x00000000c0000000, 0x00000000c4300000, 0x00000000eab00000)
  object space 68608K, 3% used [0x00000000c0000000,0x00000000c028c688,0x00000000c4300000)
 Metaspace       used 21107K, committed 21504K, reserved 1114112K
  class space    used 2154K, committed 2368K, reserved 1048576K
}
Event: 16.012 GC heap after
{Heap after GC invocations=4 (full 0):
 PSYoungGen      total 29696K, used 4090K [0x00000000eab00000, 0x00000000ecc00000, 0x0000000100000000)
  eden space 25600K, 0% used [0x00000000eab00000,0x00000000eab00000,0x00000000ec400000)
  from space 4096K, 99% used [0x00000000ec800000,0x00000000ecbfe980,0x00000000ecc00000)
  to   space 4096K, 0% used [0x00000000ec400000,0x00000000ec400000,0x00000000ec800000)
 ParOldGen       total 68608K, used 3029K [0x00000000c0000000, 0x00000000c4300000, 0x00000000eab00000)
  object space 68608K, 4% used [0x00000000c0000000,0x00000000c02f5428,0x00000000c4300000)
 Metaspace       used 21107K, committed 21504K, reserved 1114112K
  class space    used 2154K, committed 2368K, reserved 1048576K
}
Event: 16.012 GC heap before
{Heap before GC invocations=5 (full 1):
 PSYoungGen      total 29696K, used 4090K [0x00000000eab00000, 0x00000000ecc00000, 0x0000000100000000)
  eden space 25600K, 0% used [0x00000000eab00000,0x00000000eab00000,0x00000000ec400000)
  from space 4096K, 99% used [0x00000000ec800000,0x00000000ecbfe980,0x00000000ecc00000)
  to   space 4096K, 0% used [0x00000000ec400000,0x00000000ec400000,0x00000000ec800000)
 ParOldGen       total 68608K, used 3029K [0x00000000c0000000, 0x00000000c4300000, 0x00000000eab00000)
  object space 68608K, 4% used [0x00000000c0000000,0x00000000c02f5428,0x00000000c4300000)
 Metaspace       used 21107K, committed 21504K, reserved 1114112K
  class space    used 2154K, committed 2368K, reserved 1048576K
}
Event: 16.047 GC heap after
{Heap after GC invocations=5 (full 1):
 PSYoungGen      total 29696K, used 0K [0x00000000eab00000, 0x00000000ecc00000, 0x0000000100000000)
  eden space 25600K, 0% used [0x00000000eab00000,0x00000000eab00000,0x00000000ec400000)
  from space 4096K, 0% used [0x00000000ec800000,0x00000000ec800000,0x00000000ecc00000)
  to   space 4096K, 0% used [0x00000000ec400000,0x00000000ec400000,0x00000000ec800000)
 ParOldGen       total 68608K, used 6963K [0x00000000c0000000, 0x00000000c4300000, 0x00000000eab00000)
  object space 68608K, 10% used [0x00000000c0000000,0x00000000c06cccd8,0x00000000c4300000)
 Metaspace       used 21094K, committed 21504K, reserved 1114112K
  class space    used 2151K, committed 2368K, reserved 1048576K
}
Event: 16.604 GC heap before
{Heap before GC invocations=6 (full 1):
 PSYoungGen      total 29696K, used 25600K [0x00000000eab00000, 0x00000000ecc00000, 0x0000000100000000)
  eden space 25600K, 100% used [0x00000000eab00000,0x00000000ec400000,0x00000000ec400000)
  from space 4096K, 0% used [0x00000000ec800000,0x00000000ec800000,0x00000000ecc00000)
  to   space 4096K, 0% used [0x00000000ec400000,0x00000000ec400000,0x00000000ec800000)
 ParOldGen       total 68608K, used 6963K [0x00000000c0000000, 0x00000000c4300000, 0x00000000eab00000)
  object space 68608K, 10% used [0x00000000c0000000,0x00000000c06cccd8,0x00000000c4300000)
 Metaspace       used 24173K, committed 24640K, reserved 1114112K
  class space    used 2383K, committed 2560K, reserved 1048576K
}
Event: 16.605 GC heap after
{Heap after GC invocations=6 (full 1):
 PSYoungGen      total 26112K, used 547K [0x00000000eab00000, 0x00000000ec880000, 0x0000000100000000)
  eden space 25088K, 0% used [0x00000000eab00000,0x00000000eab00000,0x00000000ec380000)
  from space 1024K, 53% used [0x00000000ec400000,0x00000000ec488f38,0x00000000ec500000)
  to   space 2560K, 0% used [0x00000000ec600000,0x00000000ec600000,0x00000000ec880000)
 ParOldGen       total 68608K, used 6971K [0x00000000c0000000, 0x00000000c4300000, 0x00000000eab00000)
  object space 68608K, 10% used [0x00000000c0000000,0x00000000c06cecd8,0x00000000c4300000)
 Metaspace       used 24173K, committed 24640K, reserved 1114112K
  class space    used 2383K, committed 2560K, reserved 1048576K
}

Dll operation events (9 events):
Event: 0.122 Loaded shared library c:\Users\joaoo\.vscode\extensions\redhat.java-1.31.2024042608-win32-x64\jre\17.0.10-win32-x86_64\bin\java.dll
Event: 0.631 Loaded shared library c:\Users\joaoo\.vscode\extensions\redhat.java-1.31.2024042608-win32-x64\jre\17.0.10-win32-x86_64\bin\zip.dll
Event: 0.641 Loaded shared library C:\Users\joaoo\.vscode\extensions\redhat.java-1.31.2024042608-win32-x64\jre\17.0.10-win32-x86_64\bin\instrument.dll
Event: 0.673 Loaded shared library C:\Users\joaoo\.vscode\extensions\redhat.java-1.31.2024042608-win32-x64\jre\17.0.10-win32-x86_64\bin\net.dll
Event: 0.681 Loaded shared library C:\Users\joaoo\.vscode\extensions\redhat.java-1.31.2024042608-win32-x64\jre\17.0.10-win32-x86_64\bin\nio.dll
Event: 0.702 Loaded shared library C:\Users\joaoo\.vscode\extensions\redhat.java-1.31.2024042608-win32-x64\jre\17.0.10-win32-x86_64\bin\zip.dll
Event: 0.743 Loaded shared library C:\Users\joaoo\.vscode\extensions\redhat.java-1.31.2024042608-win32-x64\jre\17.0.10-win32-x86_64\bin\jimage.dll
Event: 0.961 Loaded shared library c:\Users\joaoo\.vscode\extensions\redhat.java-1.31.2024042608-win32-x64\jre\17.0.10-win32-x86_64\bin\verify.dll
Event: 13.649 Loaded shared library C:\Users\joaoo\AppData\Roaming\Code\User\globalStorage\redhat.java\1.31.2024042608\config_ss_win\org.eclipse.equinox.launcher\org.eclipse.equinox.launcher.win32.win32.x86_64_1.2.900.v20240213-1244\eclipse_11900.dll

Deoptimization events (20 events):
Event: 15.732 Thread 0x00000214842dc370 Uncommon trap: trap_request=0xffffffc6 fr.pc=0x00000214f5bc8474 relative=0x0000000000000694
Event: 15.732 Thread 0x00000214842dc370 Uncommon trap: reason=bimorphic_or_optimized_type_check action=maybe_recompile pc=0x00000214f5bc8474 method=java.io.DataInputStream.readUnsignedShort()I @ 6 c2
Event: 15.732 Thread 0x00000214842dc370 DEOPT PACKING pc=0x00000214f5bc8474 sp=0x0000006233cf48e0
Event: 15.732 Thread 0x00000214842dc370 DEOPT UNPACKING pc=0x00000214f55b9ea3 sp=0x0000006233cf48a8 mode 2
Event: 15.777 Thread 0x00000214842dc370 Uncommon trap: trap_request=0xffffff45 fr.pc=0x00000214f5b99b40 relative=0x0000000000000040
Event: 15.777 Thread 0x00000214842dc370 Uncommon trap: reason=unstable_if action=reinterpret pc=0x00000214f5b99b40 method=sun.nio.fs.WindowsPathParser.isSlash(C)Z @ 9 c2
Event: 15.777 Thread 0x00000214842dc370 DEOPT PACKING pc=0x00000214f5b99b40 sp=0x0000006233cf47c0
Event: 15.777 Thread 0x00000214842dc370 DEOPT UNPACKING pc=0x00000214f55b9ea3 sp=0x0000006233cf4748 mode 2
Event: 15.962 Thread 0x00000214842dc370 Uncommon trap: trap_request=0xffffff45 fr.pc=0x00000214f5b4bcf4 relative=0x0000000000000074
Event: 15.962 Thread 0x00000214842dc370 Uncommon trap: reason=unstable_if action=reinterpret pc=0x00000214f5b4bcf4 method=jdk.internal.misc.Unsafe.convEndian(ZJ)J @ 4 c2
Event: 15.962 Thread 0x00000214842dc370 DEOPT PACKING pc=0x00000214f5b4bcf4 sp=0x0000006233cf31a0
Event: 15.962 Thread 0x00000214842dc370 DEOPT UNPACKING pc=0x00000214f55b9ea3 sp=0x0000006233cf30c8 mode 2
Event: 15.962 Thread 0x00000214842dc370 Uncommon trap: trap_request=0xffffff45 fr.pc=0x00000214f5b90d14 relative=0x0000000000000094
Event: 15.962 Thread 0x00000214842dc370 Uncommon trap: reason=unstable_if action=reinterpret pc=0x00000214f5b90d14 method=jdk.internal.misc.Unsafe.getLongUnaligned(Ljava/lang/Object;J)J @ 7 c2
Event: 15.962 Thread 0x00000214842dc370 DEOPT PACKING pc=0x00000214f5b90d14 sp=0x0000006233cf3110
Event: 15.962 Thread 0x00000214842dc370 DEOPT UNPACKING pc=0x00000214f55b9ea3 sp=0x0000006233cf30c0 mode 2
Event: 16.075 Thread 0x00000214842dc370 Uncommon trap: trap_request=0xffffff45 fr.pc=0x00000214f5b2d548 relative=0x0000000000000048
Event: 16.075 Thread 0x00000214842dc370 Uncommon trap: reason=unstable_if action=reinterpret pc=0x00000214f5b2d548 method=java.lang.CharacterData.of(I)Ljava/lang/CharacterData; @ 4 c2
Event: 16.075 Thread 0x00000214842dc370 DEOPT PACKING pc=0x00000214f5b2d548 sp=0x0000006233cf4110
Event: 16.075 Thread 0x00000214842dc370 DEOPT UNPACKING pc=0x00000214f55b9ea3 sp=0x0000006233cf40a8 mode 2

Classes unloaded (7 events):
Event: 16.017 Thread 0x00000214842624c0 Unloading class 0x000000010021a400 'java/lang/invoke/LambdaForm$MH+0x000000010021a400'
Event: 16.017 Thread 0x00000214842624c0 Unloading class 0x000000010021a000 'java/lang/invoke/LambdaForm$MH+0x000000010021a000'
Event: 16.017 Thread 0x00000214842624c0 Unloading class 0x0000000100219c00 'java/lang/invoke/LambdaForm$MH+0x0000000100219c00'
Event: 16.017 Thread 0x00000214842624c0 Unloading class 0x0000000100219800 'java/lang/invoke/LambdaForm$MH+0x0000000100219800'
Event: 16.017 Thread 0x00000214842624c0 Unloading class 0x0000000100219400 'java/lang/invoke/LambdaForm$BMH+0x0000000100219400'
Event: 16.017 Thread 0x00000214842624c0 Unloading class 0x0000000100219000 'java/lang/invoke/LambdaForm$DMH+0x0000000100219000'
Event: 16.017 Thread 0x00000214842624c0 Unloading class 0x0000000100214400 'java/lang/invoke/LambdaForm$DMH+0x0000000100214400'

Classes redefined (0 events):
No events

Internal exceptions (20 events):
Event: 15.425 Thread 0x00000214842dc370 Exception <a 'java/lang/NoSuchMethodError'{0x00000000ec00cf58}: 'int java.lang.invoke.DirectMethodHandle$Holder.invokeSpecial(java.lang.Object, java.lang.Object, java.lang.Object, int)'> (0x00000000ec00cf58) 
thrown [s\src\hotspot\share\interpreter\linkResolver.cpp, line 759]
Event: 15.428 Thread 0x00000214842dc370 Exception <a 'java/lang/NoSuchMethodError'{0x00000000ec029688}: 'java.lang.Object java.lang.invoke.DirectMethodHandle$Holder.invokeStatic(java.lang.Object, java.lang.Object, java.lang.Object, java.lang.Object, int)'> (0x00000000ec029688) 
thrown [s\src\hotspot\share\interpreter\linkResolver.cpp, line 759]
Event: 15.429 Thread 0x00000214842dc370 Exception <a 'java/lang/NoSuchMethodError'{0x00000000ec035680}: 'java.lang.Object java.lang.invoke.DelegatingMethodHandle$Holder.reinvoke_L(java.lang.Object, java.lang.Object, java.lang.Object, java.lang.Object, int, int)'> (0x00000000ec035680) 
thrown [s\src\hotspot\share\interpreter\linkResolver.cpp, line 759]
Event: 15.436 Thread 0x00000214842dc370 Exception <a 'java/lang/NoSuchMethodError'{0x00000000ec04a148}: 'java.lang.Object java.lang.invoke.Invokers$Holder.invokeExact_MT(java.lang.Object, java.lang.Object, java.lang.Object, java.lang.Object)'> (0x00000000ec04a148) 
thrown [s\src\hotspot\share\interpreter\linkResolver.cpp, line 759]
Event: 15.547 Thread 0x00000214842dc370 Exception <a 'java/io/FileNotFoundException'{0x00000000ec2db150}> (0x00000000ec2db150) 
thrown [s\src\hotspot\share\prims\jni.cpp, line 516]
Event: 15.548 Thread 0x00000214842dc370 Exception <a 'java/io/FileNotFoundException'{0x00000000ec2e2990}> (0x00000000ec2e2990) 
thrown [s\src\hotspot\share\prims\jni.cpp, line 516]
Event: 15.735 Thread 0x00000214842dc370 Exception <a 'java/lang/NoSuchMethodError'{0x00000000eacdb888}: 'java.lang.Object java.lang.invoke.DirectMethodHandle$Holder.newInvokeSpecial(java.lang.Object, java.lang.Object, java.lang.Object, java.lang.Object, java.lang.Object)'> (0x00000000eacdb888) 
thrown [s\src\hotspot\share\interpreter\linkResolver.cpp, line 759]
Event: 15.789 Thread 0x00000214842dc370 Exception <a 'java/lang/NoSuchMethodError'{0x00000000eae13f40}: 'java.lang.Object java.lang.invoke.DirectMethodHandle$Holder.invokeStaticInit(java.lang.Object, int)'> (0x00000000eae13f40) 
thrown [s\src\hotspot\share\interpreter\linkResolver.cpp, line 759]
Event: 15.928 Thread 0x00000214842dc370 Exception <a 'java/lang/NoSuchMethodError'{0x00000000eb035488}: 'java.lang.Object java.lang.invoke.DirectMethodHandle$Holder.invokeSpecial(java.lang.Object, java.lang.Object, java.lang.Object, long, java.lang.Object)'> (0x00000000eb035488) 
thrown [s\src\hotspot\share\interpreter\linkResolver.cpp, line 759]
Event: 15.930 Thread 0x00000214842dc370 Exception <a 'java/lang/NoSuchMethodError'{0x00000000eb03d640}: 'java.lang.Object java.lang.invoke.DirectMethodHandle$Holder.newInvokeSpecial(java.lang.Object, java.lang.Object, java.lang.Object, long)'> (0x00000000eb03d640) 
thrown [s\src\hotspot\share\interpreter\linkResolver.cpp, line 759]
Event: 15.930 Thread 0x00000214842dc370 Exception <a 'java/lang/NoSuchMethodError'{0x00000000eb041be0}: 'java.lang.Object java.lang.invoke.DirectMethodHandle$Holder.invokeSpecial(java.lang.Object, java.lang.Object, java.lang.Object, java.lang.Object, long)'> (0x00000000eb041be0) 
thrown [s\src\hotspot\share\interpreter\linkResolver.cpp, line 759]
Event: 15.931 Thread 0x00000214842dc370 Exception <a 'java/lang/NoSuchMethodError'{0x00000000eb045a58}: 'java.lang.Object java.lang.invoke.Invokers$Holder.linkToTargetMethod(java.lang.Object, java.lang.Object, long, java.lang.Object)'> (0x00000000eb045a58) 
thrown [s\src\hotspot\share\interpreter\linkResolver.cpp, line 759]
Event: 15.949 Thread 0x00000214842dc370 Exception <a 'java/lang/NoSuchMethodError'{0x00000000eb0a73f0}: 'int java.lang.invoke.DirectMethodHandle$Holder.invokeStaticInit(java.lang.Object, java.lang.Object, java.lang.Object)'> (0x00000000eb0a73f0) 
thrown [s\src\hotspot\share\interpreter\linkResolver.cpp, line 759]
Event: 16.115 Thread 0x00000214842dc370 Exception <a 'java/lang/IncompatibleClassChangeError'{0x00000000eac72e60}: Found class java.lang.Object, but interface was expected> (0x00000000eac72e60) 
thrown [s\src\hotspot\share\interpreter\linkResolver.cpp, line 826]
Event: 16.136 Thread 0x00000214842dc370 Exception <a 'java/lang/NoSuchMethodError'{0x00000000eac93cb8}: 'java.lang.Object java.lang.invoke.DirectMethodHandle$Holder.invokeSpecial(java.lang.Object, java.lang.Object, java.lang.Object, int, java.lang.Object, java.lang.Object)'> (0x00000000eac93cb8) 
thrown [s\src\hotspot\share\interpreter\linkResolver.cpp, line 759]
Event: 16.138 Thread 0x00000214842dc370 Exception <a 'java/lang/NoSuchMethodError'{0x00000000eac9c440}: 'java.lang.Object java.lang.invoke.DirectMethodHandle$Holder.newInvokeSpecial(java.lang.Object, java.lang.Object, java.lang.Object, int, java.lang.Object)'> (0x00000000eac9c440) 
thrown [s\src\hotspot\share\interpreter\linkResolver.cpp, line 759]
Event: 16.144 Thread 0x00000214842dc370 Exception <a 'java/lang/NoSuchMethodError'{0x00000000eaca0898}: 'java.lang.Object java.lang.invoke.DirectMethodHandle$Holder.invokeSpecial(java.lang.Object, java.lang.Object, java.lang.Object, java.lang.Object, int, java.lang.Object)'> (0x00000000eaca0898) 
thrown [s\src\hotspot\share\interpreter\linkResolver.cpp, line 759]
Event: 16.146 Thread 0x0000021485b11060 Exception <a 'java/lang/NoSuchMethodError'{0x00000000eacd33f0}: 'java.lang.Object java.lang.invoke.DirectMethodHandle$Holder.invokeSpecial(java.lang.Object, java.lang.Object, int, java.lang.Object, java.lang.Object)'> (0x00000000eacd33f0) 
thrown [s\src\hotspot\share\interpreter\linkResolver.cpp, line 759]
Event: 16.147 Thread 0x0000021485b11060 Exception <a 'java/lang/NoSuchMethodError'{0x00000000eacdaac0}: 'java.lang.Object java.lang.invoke.DirectMethodHandle$Holder.newInvokeSpecial(java.lang.Object, java.lang.Object, int, java.lang.Object)'> (0x00000000eacdaac0) 
thrown [s\src\hotspot\share\interpreter\linkResolver.cpp, line 759]
Event: 16.149 Thread 0x0000021485b11060 Exception <a 'java/lang/NoSuchMethodError'{0x00000000eacde5d0}: 'java.lang.Object java.lang.invoke.DirectMethodHandle$Holder.invokeSpecial(java.lang.Object, java.lang.Object, java.lang.Object, int, java.lang.Object)'> (0x00000000eacde5d0) 
thrown [s\src\hotspot\share\interpreter\linkResolver.cpp, line 759]

VM Operations (20 events):
Event: 14.109 Executing VM operation: ParallelGCFailedAllocation
Event: 14.117 Executing VM operation: ParallelGCFailedAllocation done
Event: 15.127 Executing VM operation: HandshakeAllThreads
Event: 15.127 Executing VM operation: HandshakeAllThreads done
Event: 15.127 Executing VM operation: Cleanup
Event: 15.127 Executing VM operation: Cleanup done
Event: 15.419 Executing VM operation: HandshakeAllThreads
Event: 15.419 Executing VM operation: HandshakeAllThreads done
Event: 15.613 Executing VM operation: ParallelGCFailedAllocation
Event: 15.619 Executing VM operation: ParallelGCFailedAllocation done
Event: 15.962 Executing VM operation: HandshakeAllThreads
Event: 15.962 Executing VM operation: HandshakeAllThreads done
Event: 16.008 Executing VM operation: CollectForMetadataAllocation
Event: 16.050 Executing VM operation: CollectForMetadataAllocation done
Event: 16.076 Executing VM operation: HandshakeAllThreads
Event: 16.076 Executing VM operation: HandshakeAllThreads done
Event: 16.189 Executing VM operation: HandshakeAllThreads
Event: 16.192 Executing VM operation: HandshakeAllThreads done
Event: 16.604 Executing VM operation: ParallelGCFailedAllocation
Event: 16.605 Executing VM operation: ParallelGCFailedAllocation done

Events (20 events):
Event: 16.271 loading class java/io/StringReader
Event: 16.271 loading class java/io/StringReader done
Event: 16.291 loading class java/util/zip/GZIPInputStream
Event: 16.292 loading class java/util/zip/GZIPInputStream done
Event: 16.297 loading class java/net/SocketTimeoutException
Event: 16.297 loading class java/io/InterruptedIOException
Event: 16.297 loading class java/io/InterruptedIOException done
Event: 16.297 loading class java/net/SocketTimeoutException done
Event: 16.297 loading class java/net/SocketException
Event: 16.297 loading class java/net/SocketException done
Event: 16.297 loading class java/net/UnknownHostException
Event: 16.298 loading class java/net/UnknownHostException done
Event: 16.298 loading class java/net/ProtocolException
Event: 16.298 loading class java/net/ProtocolException done
Event: 16.326 loading class java/lang/ThreadLocal$SuppliedThreadLocal
Event: 16.326 loading class java/lang/ThreadLocal$SuppliedThreadLocal done
Event: 16.337 loading class java/io/FileWriter
Event: 16.337 loading class java/io/FileWriter done
Event: 16.464 loading class java/lang/NegativeArraySizeException
Event: 16.464 loading class java/lang/NegativeArraySizeException done


Dynamic libraries:
0x00007ff660a60000 - 0x00007ff660a6e000 	c:\Users\joaoo\.vscode\extensions\redhat.java-1.31.2024042608-win32-x64\jre\17.0.10-win32-x86_64\bin\java.exe
0x00007fff7a130000 - 0x00007fff7a346000 	C:\Windows\SYSTEM32\ntdll.dll
0x00007fff79720000 - 0x00007fff797e4000 	C:\Windows\System32\KERNEL32.DLL
0x00007fff77ab0000 - 0x00007fff77e57000 	C:\Windows\System32\KERNELBASE.dll
0x00007fff77780000 - 0x00007fff77891000 	C:\Windows\System32\ucrtbase.dll
0x00007fff62ac0000 - 0x00007fff62ad7000 	c:\Users\joaoo\.vscode\extensions\redhat.java-1.31.2024042608-win32-x64\jre\17.0.10-win32-x86_64\bin\jli.dll
0x00007fff794c0000 - 0x00007fff7966e000 	C:\Windows\System32\USER32.dll
0x00007fff77a80000 - 0x00007fff77aa6000 	C:\Windows\System32\win32u.dll
0x00007fff79420000 - 0x00007fff79449000 	C:\Windows\System32\GDI32.dll
0x00007fff77960000 - 0x00007fff77a79000 	C:\Windows\System32\gdi32full.dll
0x00007fff77670000 - 0x00007fff7770a000 	C:\Windows\System32\msvcp_win.dll
0x00007fff605c0000 - 0x00007fff60853000 	C:\Windows\WinSxS\amd64_microsoft.windows.common-controls_6595b64144ccf1df_6.0.22621.3235_none_270f74e173860f98\COMCTL32.dll
0x00007fff79670000 - 0x00007fff79717000 	C:\Windows\System32\msvcrt.dll
0x00007fff62aa0000 - 0x00007fff62abb000 	c:\Users\joaoo\.vscode\extensions\redhat.java-1.31.2024042608-win32-x64\jre\17.0.10-win32-x86_64\bin\VCRUNTIME140.dll
0x00007fff793e0000 - 0x00007fff79411000 	C:\Windows\System32\IMM32.DLL
0x00007fff638d0000 - 0x00007fff638dc000 	c:\Users\joaoo\.vscode\extensions\redhat.java-1.31.2024042608-win32-x64\jre\17.0.10-win32-x86_64\bin\vcruntime140_1.dll
0x00007fff60c40000 - 0x00007fff60ccd000 	c:\Users\joaoo\.vscode\extensions\redhat.java-1.31.2024042608-win32-x64\jre\17.0.10-win32-x86_64\bin\msvcp140.dll
0x00007fff2fc40000 - 0x00007fff308a2000 	c:\Users\joaoo\.vscode\extensions\redhat.java-1.31.2024042608-win32-x64\jre\17.0.10-win32-x86_64\bin\server\jvm.dll
0x00007fff79810000 - 0x00007fff798c2000 	C:\Windows\System32\ADVAPI32.dll
0x00007fff79ec0000 - 0x00007fff79f68000 	C:\Windows\System32\sechost.dll
0x00007fff77450000 - 0x00007fff77478000 	C:\Windows\System32\bcrypt.dll
0x00007fff79da0000 - 0x00007fff79eb5000 	C:\Windows\System32\RPCRT4.dll
0x00007fff76aa0000 - 0x00007fff76aed000 	C:\Windows\SYSTEM32\POWRPROF.dll
0x00007fff6d1d0000 - 0x00007fff6d1d9000 	C:\Windows\SYSTEM32\WSOCK32.dll
0x00007fff782f0000 - 0x00007fff78361000 	C:\Windows\System32\WS2_32.dll
0x00007fff6b630000 - 0x00007fff6b664000 	C:\Windows\SYSTEM32\WINMM.dll
0x00007fff69990000 - 0x00007fff6999a000 	C:\Windows\SYSTEM32\VERSION.dll
0x00007fff76a40000 - 0x00007fff76a53000 	C:\Windows\SYSTEM32\UMPDC.dll
0x00007fff76460000 - 0x00007fff76478000 	C:\Windows\SYSTEM32\kernel.appcore.dll
0x00007fff62a90000 - 0x00007fff62a9a000 	c:\Users\joaoo\.vscode\extensions\redhat.java-1.31.2024042608-win32-x64\jre\17.0.10-win32-x86_64\bin\jimage.dll
0x00007fff74d30000 - 0x00007fff74f63000 	C:\Windows\SYSTEM32\DBGHELP.DLL
0x00007fff77f60000 - 0x00007fff782e8000 	C:\Windows\System32\combase.dll
0x00007fff79f90000 - 0x00007fff7a067000 	C:\Windows\System32\OLEAUT32.dll
0x00007fff5aa40000 - 0x00007fff5aa72000 	C:\Windows\SYSTEM32\dbgcore.DLL
0x00007fff775f0000 - 0x00007fff77669000 	C:\Windows\System32\bcryptPrimitives.dll
0x00007fff62910000 - 0x00007fff6291e000 	c:\Users\joaoo\.vscode\extensions\redhat.java-1.31.2024042608-win32-x64\jre\17.0.10-win32-x86_64\bin\instrument.dll
0x00007fff62590000 - 0x00007fff625b5000 	c:\Users\joaoo\.vscode\extensions\redhat.java-1.31.2024042608-win32-x64\jre\17.0.10-win32-x86_64\bin\java.dll
0x00007fff628f0000 - 0x00007fff62908000 	c:\Users\joaoo\.vscode\extensions\redhat.java-1.31.2024042608-win32-x64\jre\17.0.10-win32-x86_64\bin\zip.dll
0x00007fff789c0000 - 0x00007fff7921c000 	C:\Windows\System32\SHELL32.dll
0x00007fff75360000 - 0x00007fff75c59000 	C:\Windows\SYSTEM32\windows.storage.dll
0x00007fff75220000 - 0x00007fff7535e000 	C:\Windows\SYSTEM32\wintypes.dll
0x00007fff788b0000 - 0x00007fff789a3000 	C:\Windows\System32\SHCORE.dll
0x00007fff785b0000 - 0x00007fff7860e000 	C:\Windows\System32\shlwapi.dll
0x00007fff77380000 - 0x00007fff773a1000 	C:\Windows\SYSTEM32\profapi.dll
0x00007fff61910000 - 0x00007fff61929000 	C:\Users\joaoo\.vscode\extensions\redhat.java-1.31.2024042608-win32-x64\jre\17.0.10-win32-x86_64\bin\net.dll
0x00007fff70de0000 - 0x00007fff70f16000 	C:\Windows\SYSTEM32\WINHTTP.dll
0x00007fff76950000 - 0x00007fff769b9000 	C:\Windows\system32\mswsock.dll
0x00007fff61770000 - 0x00007fff61786000 	C:\Users\joaoo\.vscode\extensions\redhat.java-1.31.2024042608-win32-x64\jre\17.0.10-win32-x86_64\bin\nio.dll
0x00007fff623f0000 - 0x00007fff62400000 	c:\Users\joaoo\.vscode\extensions\redhat.java-1.31.2024042608-win32-x64\jre\17.0.10-win32-x86_64\bin\verify.dll
0x00007fff58090000 - 0x00007fff580ce000 	C:\Users\joaoo\AppData\Roaming\Code\User\globalStorage\redhat.java\1.31.2024042608\config_ss_win\org.eclipse.equinox.launcher\org.eclipse.equinox.launcher.win32.win32.x86_64_1.2.900.v20240213-1244\eclipse_11900.dll
0x00007fff79220000 - 0x00007fff793c5000 	C:\Windows\System32\ole32.dll

dbghelp: loaded successfully - version: 4.0.5 - missing functions: none
symbol engine: initialized successfully - sym options: 0x614 - pdb path: .;c:\Users\joaoo\.vscode\extensions\redhat.java-1.31.2024042608-win32-x64\jre\17.0.10-win32-x86_64\bin;C:\Windows\SYSTEM32;C:\Windows\WinSxS\amd64_microsoft.windows.common-controls_6595b64144ccf1df_6.0.22621.3235_none_270f74e173860f98;c:\Users\joaoo\.vscode\extensions\redhat.java-1.31.2024042608-win32-x64\jre\17.0.10-win32-x86_64\bin\server;C:\Users\joaoo\AppData\Roaming\Code\User\globalStorage\redhat.java\1.31.2024042608\config_ss_win\org.eclipse.equinox.launcher\org.eclipse.equinox.launcher.win32.win32.x86_64_1.2.900.v20240213-1244

VM Arguments:
jvm_args: --add-modules=ALL-SYSTEM --add-opens=java.base/java.util=ALL-UNNAMED --add-opens=java.base/java.lang=ALL-UNNAMED --add-opens=java.base/sun.nio.fs=ALL-UNNAMED -Declipse.application=org.eclipse.jdt.ls.core.id1 -Dosgi.bundles.defaultStartLevel=4 -Declipse.product=org.eclipse.jdt.ls.core.product -Djava.import.generatesMetadataFilesAtProjectRoot=false -DDetectVMInstallationsJob.disabled=true -Dfile.encoding=utf8 -XX:+UseParallelGC -XX:GCTimeRatio=4 -XX:AdaptiveSizePolicyWeight=90 -Dsun.zip.disableMemoryMapping=true -Xmx1G -Xms100m -Xlog:disable -javaagent:c:\Users\joaoo\.vscode\extensions\redhat.java-1.31.2024042608-win32-x64\lombok\lombok-1.18.32.jar 
java_command: c:\Users\joaoo\.vscode\extensions\redhat.java-1.31.2024042608-win32-x64\server\plugins\org.eclipse.equinox.launcher_1.6.800.v20240330-1250.jar -configuration c:\Users\joaoo\AppData\Roaming\Code\User\globalStorage\redhat.java\1.31.2024042608\config_ss_win -data c:\Users\joaoo\AppData\Roaming\Code\User\workspaceStorage\1e6ca924b705756f5905872512508e37\redhat.java\ss_ws --pipe=\\.\pipe\lsp-ab77767454dcfbb19fb4ab0239c6d085-sock
java_class_path (initial): c:\Users\joaoo\.vscode\extensions\redhat.java-1.31.2024042608-win32-x64\server\plugins\org.eclipse.equinox.launcher_1.6.800.v20240330-1250.jar
Launcher Type: SUN_STANDARD

[Global flags]
    uintx AdaptiveSizePolicyWeight                 = 90                                        {product} {command line}
     intx CICompilerCount                          = 4                                         {product} {ergonomic}
    uintx GCTimeRatio                              = 4                                         {product} {command line}
   size_t InitialHeapSize                          = 104857600                                 {product} {command line}
   size_t MaxHeapSize                              = 1073741824                                {product} {command line}
   size_t MaxNewSize                               = 357564416                                 {product} {ergonomic}
   size_t MinHeapDeltaBytes                        = 524288                                    {product} {ergonomic}
   size_t MinHeapSize                              = 104857600                                 {product} {command line}
   size_t NewSize                                  = 34603008                                  {product} {ergonomic}
    uintx NonNMethodCodeHeapSize                   = 5839372                                {pd product} {ergonomic}
    uintx NonProfiledCodeHeapSize                  = 122909434                              {pd product} {ergonomic}
   size_t OldSize                                  = 70254592                                  {product} {ergonomic}
    uintx ProfiledCodeHeapSize                     = 122909434                              {pd product} {ergonomic}
    uintx ReservedCodeCacheSize                    = 251658240                              {pd product} {ergonomic}
     bool SegmentedCodeCache                       = true                                      {product} {ergonomic}
   size_t SoftMaxHeapSize                          = 1073741824                             {manageable} {ergonomic}
     bool UseCompressedClassPointers               = true                           {product lp64_product} {ergonomic}
     bool UseCompressedOops                        = true                           {product lp64_product} {ergonomic}
     bool UseLargePagesIndividualAllocation        = false                                  {pd product} {ergonomic}
     bool UseParallelGC                            = true                                      {product} {command line}

Logging:
Log output configuration:
 #0: stdout all=off uptime,level,tags
 #1: stderr all=off uptime,level,tags

Environment Variables:
JAVA_HOME=C:\Program Files\Microsoft\jdk-17.0.10.7-hotspot\
PATH=C:\Programs\Python\Scripts\;C:\Programs\Python\;C:\Program Files\Microsoft\jdk-17.0.10.7-hotspot\bin;C:\Windows\system32;C:\Windows;C:\Windows\System32\Wbem;C:\Windows\System32\WindowsPowerShell\v1.0\;C:\Windows\System32\OpenSSH\;C:\ProgramData\chocolatey\bin;C:\Programs\nodejs\;C:\Programs\Git\cmd;C:\Program Files\dotnet\;C:\Program Files\MySQL\MySQL Shell 8.0\bin\;C:\Users\joaoo\AppData\Local\Microsoft\WindowsApps;C:\Programs\Microsoft VS Code\bin;C:\Users\joaoo\AppData\Roaming\npm;C:\Users\joaoo\AppData\Local\Android\Sdk\platform-tools;
USERNAME=joaoo
OS=Windows_NT
PROCESSOR_IDENTIFIER=Intel64 Family 6 Model 140 Stepping 1, GenuineIntel
TMP=C:\Users\joaoo\AppData\Local\Temp
TEMP=C:\Users\joaoo\AppData\Local\Temp



Periodic native trim disabled


---------------  S Y S T E M  ---------------

OS:
 Windows 11 , 64 bit Build 22621 (10.0.22621.3374)
OS uptime: 8 days 14:27 hours
Hyper-V role detected

CPU: total 8 (initial active 8) (4 cores per cpu, 2 threads per core) family 6 model 140 stepping 1 microcode 0x8a, cx8, cmov, fxsr, ht, mmx, 3dnowpref, sse, sse2, sse3, ssse3, sse4.1, sse4.2, popcnt, lzcnt, tsc, tscinvbit, avx, avx2, aes, erms, clmul, bmi1, bmi2, adx, avx512f, avx512dq, avx512cd, avx512bw, avx512vl, sha, fma, vzeroupper, avx512_vpopcntdq, avx512_vpclmulqdq, avx512_vaes, avx512_vnni, clflush, clflushopt, clwb, avx512_vbmi2, avx512_vbmi, hv
Processor Information for processor 0
  Max Mhz: 2419, Current Mhz: 2419, Mhz Limit: 2419
Processor Information for processor 1
  Max Mhz: 2419, Current Mhz: 2419, Mhz Limit: 2419
Processor Information for processor 2
  Max Mhz: 2419, Current Mhz: 2419, Mhz Limit: 2419
Processor Information for processor 3
  Max Mhz: 2419, Current Mhz: 1209, Mhz Limit: 2419
Processor Information for processor 4
  Max Mhz: 2419, Current Mhz: 2419, Mhz Limit: 2419
Processor Information for processor 5
  Max Mhz: 2419, Current Mhz: 2419, Mhz Limit: 2419
Processor Information for processor 6
  Max Mhz: 2419, Current Mhz: 2419, Mhz Limit: 2419
Processor Information for processor 7
  Max Mhz: 2419, Current Mhz: 1209, Mhz Limit: 2419

Memory: 4k page, system-wide physical 7915M (1032M free)
TotalPageFile size 32491M (AvailPageFile size 4M)
current process WorkingSet (physical memory assigned to process): 112M, peak: 112M
current process commit charge ("private bytes"): 219M, peak: 219M

vm_info: OpenJDK 64-Bit Server VM (17.0.10+7) for windows-amd64 JRE (17.0.10+7), built on Jan 16 2024 23:25:11 by "admin" with MS VC++ 16.10 / 16.11 (VS2019)

END.
